[0.000000] (-) TimerEvent: {}
[0.012592] (path_planning) JobQueued: {'identifier': 'path_planning', 'dependencies': OrderedDict()}
[0.026463] (path_planning) JobStarted: {'identifier': 'path_planning'}
[0.081293] (-) TimerEvent: {}
[0.186912] (-) TimerEvent: {}
[0.295014] (-) TimerEvent: {}
[0.402716] (-) TimerEvent: {}
[0.505698] (-) TimerEvent: {}
[0.609200] (-) TimerEvent: {}
[0.712321] (-) TimerEvent: {}
[0.821551] (-) TimerEvent: {}
[0.924244] (-) TimerEvent: {}
[1.034641] (-) TimerEvent: {}
[1.139224] (-) TimerEvent: {}
[1.251544] (-) TimerEvent: {}
[1.358742] (-) TimerEvent: {}
[1.465019] (-) TimerEvent: {}
[1.570746] (-) TimerEvent: {}
[1.674984] (-) TimerEvent: {}
[1.779292] (-) TimerEvent: {}
[1.890757] (-) TimerEvent: {}
[1.994692] (-) TimerEvent: {}
[2.098343] (-) TimerEvent: {}
[2.202188] (-) TimerEvent: {}
[2.310913] (-) TimerEvent: {}
[2.415074] (-) TimerEvent: {}
[2.521819] (-) TimerEvent: {}
[2.627021] (-) TimerEvent: {}
[2.735903] (-) TimerEvent: {}
[2.840479] (-) TimerEvent: {}
[2.946094] (-) TimerEvent: {}
[3.050746] (-) TimerEvent: {}
[3.156296] (-) TimerEvent: {}
[3.264821] (-) TimerEvent: {}
[3.372315] (-) TimerEvent: {}
[3.484614] (-) TimerEvent: {}
[3.598357] (-) TimerEvent: {}
[3.707175] (-) TimerEvent: {}
[3.809684] (-) TimerEvent: {}
[3.920525] (-) TimerEvent: {}
[4.025879] (-) TimerEvent: {}
[4.133571] (-) TimerEvent: {}
[4.245708] (-) TimerEvent: {}
[4.348722] (-) TimerEvent: {}
[4.454738] (-) TimerEvent: {}
[4.557025] (-) TimerEvent: {}
[4.671288] (-) TimerEvent: {}
[4.782523] (-) TimerEvent: {}
[4.885849] (-) TimerEvent: {}
[4.988251] (-) TimerEvent: {}
[5.090847] (-) TimerEvent: {}
[5.193594] (-) TimerEvent: {}
[5.304714] (-) TimerEvent: {}
[5.407325] (-) TimerEvent: {}
[5.513442] (-) TimerEvent: {}
[5.615935] (-) TimerEvent: {}
[5.718494] (-) TimerEvent: {}
[5.820904] (-) TimerEvent: {}
[5.923313] (-) TimerEvent: {}
[6.025659] (-) TimerEvent: {}
[6.131040] (-) TimerEvent: {}
[6.234501] (-) TimerEvent: {}
[6.341375] (-) TimerEvent: {}
[6.450066] (-) TimerEvent: {}
[6.553587] (-) TimerEvent: {}
[6.659017] (-) TimerEvent: {}
[6.761733] (-) TimerEvent: {}
[6.868286] (-) TimerEvent: {}
[6.971473] (-) TimerEvent: {}
[7.082793] (-) TimerEvent: {}
[7.189372] (-) TimerEvent: {}
[7.301286] (-) TimerEvent: {}
[7.403898] (-) TimerEvent: {}
[7.509034] (-) TimerEvent: {}
[7.615077] (-) TimerEvent: {}
[7.718213] (-) TimerEvent: {}
[7.820558] (-) TimerEvent: {}
[7.923226] (-) TimerEvent: {}
[8.026380] (-) TimerEvent: {}
[8.130743] (-) TimerEvent: {}
[8.235043] (-) TimerEvent: {}
[8.338812] (-) TimerEvent: {}
[8.441116] (-) TimerEvent: {}
[8.543743] (-) TimerEvent: {}
[8.646641] (-) TimerEvent: {}
[8.755094] (-) TimerEvent: {}
[8.857740] (-) TimerEvent: {}
[8.962257] (-) TimerEvent: {}
[9.064836] (-) TimerEvent: {}
[9.167789] (-) TimerEvent: {}
[9.270241] (-) TimerEvent: {}
[9.372555] (-) TimerEvent: {}
[9.476099] (-) TimerEvent: {}
[9.580414] (-) TimerEvent: {}
[9.686664] (-) TimerEvent: {}
[9.791031] (-) TimerEvent: {}
[9.896314] (-) TimerEvent: {}
[9.998725] (-) TimerEvent: {}
[10.103108] (-) TimerEvent: {}
[10.210249] (-) TimerEvent: {}
[10.314454] (-) TimerEvent: {}
[10.418518] (-) TimerEvent: {}
[10.523873] (-) TimerEvent: {}
[10.634778] (-) TimerEvent: {}
[10.744133] (-) TimerEvent: {}
[10.850363] (-) TimerEvent: {}
[10.954550] (-) TimerEvent: {}
[11.059587] (-) TimerEvent: {}
[11.170907] (-) TimerEvent: {}
[11.273653] (-) TimerEvent: {}
[11.383384] (-) TimerEvent: {}
[11.490022] (-) TimerEvent: {}
[11.603359] (-) TimerEvent: {}
[11.711124] (-) TimerEvent: {}
[11.817550] (-) TimerEvent: {}
[11.936612] (-) TimerEvent: {}
[12.039228] (-) TimerEvent: {}
[12.142275] (-) TimerEvent: {}
[12.245111] (-) TimerEvent: {}
[12.347874] (-) TimerEvent: {}
[12.450758] (-) TimerEvent: {}
[12.554363] (-) TimerEvent: {}
[12.657215] (-) TimerEvent: {}
[12.759710] (-) TimerEvent: {}
[12.862493] (-) TimerEvent: {}
[12.964941] (-) TimerEvent: {}
[13.067371] (-) TimerEvent: {}
[13.169905] (-) TimerEvent: {}
[13.272713] (-) TimerEvent: {}
[13.379027] (-) TimerEvent: {}
[13.486736] (-) TimerEvent: {}
[13.593026] (-) TimerEvent: {}
[13.707111] (-) TimerEvent: {}
[13.815026] (-) TimerEvent: {}
[13.919962] (-) TimerEvent: {}
[14.029504] (-) TimerEvent: {}
[14.133760] (-) TimerEvent: {}
[14.236382] (-) TimerEvent: {}
[14.342923] (-) TimerEvent: {}
[14.445322] (-) TimerEvent: {}
[14.549631] (-) TimerEvent: {}
[14.655451] (-) TimerEvent: {}
[14.763030] (-) TimerEvent: {}
[14.867682] (-) TimerEvent: {}
[14.970337] (-) TimerEvent: {}
[15.076980] (-) TimerEvent: {}
[15.182274] (-) TimerEvent: {}
[15.297424] (-) TimerEvent: {}
[15.411115] (-) TimerEvent: {}
[15.519529] (-) TimerEvent: {}
[15.622812] (-) TimerEvent: {}
[15.729029] (-) TimerEvent: {}
[15.838820] (-) TimerEvent: {}
[15.942564] (-) TimerEvent: {}
[16.045913] (-) TimerEvent: {}
[16.150750] (-) TimerEvent: {}
[16.253238] (-) TimerEvent: {}
[16.358600] (-) TimerEvent: {}
[16.466537] (-) TimerEvent: {}
[16.574521] (-) TimerEvent: {}
[16.678889] (-) TimerEvent: {}
[16.783500] (-) TimerEvent: {}
[16.894743] (-) TimerEvent: {}
[16.999238] (-) TimerEvent: {}
[17.107123] (-) TimerEvent: {}
[17.209779] (-) TimerEvent: {}
[17.312116] (-) TimerEvent: {}
[17.415045] (-) TimerEvent: {}
[17.520748] (-) TimerEvent: {}
[17.625328] (-) TimerEvent: {}
[17.731840] (-) TimerEvent: {}
[17.834373] (-) TimerEvent: {}
[17.937174] (-) TimerEvent: {}
[18.045481] (-) TimerEvent: {}
[18.152014] (-) TimerEvent: {}
[18.258093] (-) TimerEvent: {}
[18.363831] (-) TimerEvent: {}
[18.473391] (-) TimerEvent: {}
[18.576339] (-) TimerEvent: {}
[18.682541] (-) TimerEvent: {}
[18.785085] (-) TimerEvent: {}
[18.889737] (-) TimerEvent: {}
[18.992612] (-) TimerEvent: {}
[19.095280] (-) TimerEvent: {}
[19.201184] (-) TimerEvent: {}
[19.311096] (-) TimerEvent: {}
[19.424650] (-) TimerEvent: {}
[19.529268] (-) TimerEvent: {}
[19.635081] (-) TimerEvent: {}
[19.739976] (-) TimerEvent: {}
[19.847494] (-) TimerEvent: {}
[19.954150] (-) TimerEvent: {}
[20.058001] (-) TimerEvent: {}
[20.160512] (-) TimerEvent: {}
[20.262980] (-) TimerEvent: {}
[20.365957] (-) TimerEvent: {}
[20.468356] (-) TimerEvent: {}
[20.572041] (-) TimerEvent: {}
[20.674438] (-) TimerEvent: {}
[20.783066] (-) TimerEvent: {}
[20.888801] (-) TimerEvent: {}
[20.991184] (-) TimerEvent: {}
[21.094574] (-) TimerEvent: {}
[21.198761] (-) TimerEvent: {}
[21.301278] (-) TimerEvent: {}
[21.403630] (-) TimerEvent: {}
[21.506013] (-) TimerEvent: {}
[21.611316] (-) TimerEvent: {}
[21.714553] (-) TimerEvent: {}
[21.816900] (-) TimerEvent: {}
[21.927293] (-) TimerEvent: {}
[22.030227] (-) TimerEvent: {}
[22.132801] (-) TimerEvent: {}
[22.238830] (-) TimerEvent: {}
[22.343002] (-) TimerEvent: {}
[22.446763] (-) TimerEvent: {}
[22.550241] (-) TimerEvent: {}
[22.658776] (-) TimerEvent: {}
[22.766238] (-) TimerEvent: {}
[22.870783] (-) TimerEvent: {}
[22.973571] (-) TimerEvent: {}
[23.076449] (-) TimerEvent: {}
[23.182736] (-) TimerEvent: {}
[23.286858] (-) TimerEvent: {}
[23.396999] (-) TimerEvent: {}
[23.501354] (-) TimerEvent: {}
[23.603661] (-) TimerEvent: {}
[23.711057] (-) TimerEvent: {}
[23.814630] (-) TimerEvent: {}
[23.924271] (-) TimerEvent: {}
[24.029029] (-) TimerEvent: {}
[24.134551] (-) TimerEvent: {}
[24.237141] (-) TimerEvent: {}
[24.350332] (-) TimerEvent: {}
[24.459076] (-) TimerEvent: {}
[24.561466] (-) TimerEvent: {}
[24.664139] (-) TimerEvent: {}
[24.766485] (-) TimerEvent: {}
[24.869559] (-) TimerEvent: {}
[24.971986] (-) TimerEvent: {}
[25.074476] (-) TimerEvent: {}
[25.176956] (-) TimerEvent: {}
[25.283344] (-) TimerEvent: {}
[25.391079] (-) TimerEvent: {}
[25.494199] (-) TimerEvent: {}
[25.607537] (-) TimerEvent: {}
[25.710919] (-) TimerEvent: {}
[25.819320] (-) TimerEvent: {}
[25.927896] (-) TimerEvent: {}
[26.034080] (-) TimerEvent: {}
[26.142214] (-) TimerEvent: {}
[26.255046] (-) TimerEvent: {}
[26.367060] (-) TimerEvent: {}
[26.472819] (-) TimerEvent: {}
[26.578751] (-) TimerEvent: {}
[26.687071] (-) TimerEvent: {}
[26.794753] (-) TimerEvent: {}
[26.900941] (-) TimerEvent: {}
[27.008261] (-) TimerEvent: {}
[27.111769] (-) TimerEvent: {}
[27.215020] (-) TimerEvent: {}
[27.317345] (-) TimerEvent: {}
[27.419773] (-) TimerEvent: {}
[27.526752] (-) TimerEvent: {}
[27.634026] (-) TimerEvent: {}
[27.737008] (-) TimerEvent: {}
[27.843464] (-) TimerEvent: {}
[27.952590] (-) TimerEvent: {}
[28.059066] (-) TimerEvent: {}
[28.161704] (-) TimerEvent: {}
[28.264766] (-) TimerEvent: {}
[28.369403] (-) TimerEvent: {}
[28.473547] (-) TimerEvent: {}
[28.575960] (-) TimerEvent: {}
[28.678703] (-) TimerEvent: {}
[28.781325] (-) TimerEvent: {}
[28.884915] (-) TimerEvent: {}
[28.988488] (-) TimerEvent: {}
[29.092286] (-) TimerEvent: {}
[29.194731] (-) TimerEvent: {}
[29.301451] (-) TimerEvent: {}
[29.406851] (-) TimerEvent: {}
[29.515078] (-) TimerEvent: {}
[29.625590] (-) TimerEvent: {}
[29.730994] (-) TimerEvent: {}
[29.836807] (-) TimerEvent: {}
[29.940890] (-) TimerEvent: {}
[30.047061] (-) TimerEvent: {}
[30.155069] (-) TimerEvent: {}
[30.260378] (-) TimerEvent: {}
[30.366364] (-) TimerEvent: {}
[30.472945] (-) TimerEvent: {}
[30.579093] (-) TimerEvent: {}
[30.682788] (-) TimerEvent: {}
[30.795066] (-) TimerEvent: {}
[30.904441] (-) TimerEvent: {}
[31.011814] (-) TimerEvent: {}
[31.119045] (-) TimerEvent: {}
[31.226606] (-) TimerEvent: {}
[31.329930] (-) TimerEvent: {}
[31.435092] (-) TimerEvent: {}
[31.543267] (-) TimerEvent: {}
[31.648231] (-) TimerEvent: {}
[31.754967] (-) TimerEvent: {}
[31.871265] (-) TimerEvent: {}
[31.974860] (-) TimerEvent: {}
[32.094771] (-) TimerEvent: {}
[32.206178] (-) TimerEvent: {}
[32.314725] (-) TimerEvent: {}
[32.417204] (-) TimerEvent: {}
[32.530773] (-) TimerEvent: {}
[32.633442] (-) TimerEvent: {}
[32.741176] (-) TimerEvent: {}
[32.850775] (-) TimerEvent: {}
[32.953339] (-) TimerEvent: {}
[33.060809] (-) TimerEvent: {}
[33.170351] (-) TimerEvent: {}
[33.273594] (-) TimerEvent: {}
[33.378760] (-) TimerEvent: {}
[33.481838] (-) TimerEvent: {}
[33.587913] (-) TimerEvent: {}
[33.691090] (-) TimerEvent: {}
[33.801066] (-) TimerEvent: {}
[33.908678] (-) TimerEvent: {}
[34.011050] (-) TimerEvent: {}
[34.115084] (-) TimerEvent: {}
[34.218058] (-) TimerEvent: {}
[34.322741] (-) TimerEvent: {}
[34.426730] (-) TimerEvent: {}
[34.535751] (-) TimerEvent: {}
[34.640400] (-) TimerEvent: {}
[34.745700] (-) TimerEvent: {}
[34.848298] (-) TimerEvent: {}
[34.952411] (-) TimerEvent: {}
[35.054930] (-) TimerEvent: {}
[35.157304] (-) TimerEvent: {}
[35.260199] (-) TimerEvent: {}
[35.365417] (-) TimerEvent: {}
[35.471235] (-) TimerEvent: {}
[35.573874] (-) TimerEvent: {}
[35.679846] (-) TimerEvent: {}
[35.784678] (-) TimerEvent: {}
[35.887131] (-) TimerEvent: {}
[35.989735] (-) TimerEvent: {}
[36.092513] (-) TimerEvent: {}
[36.199095] (-) TimerEvent: {}
[36.306342] (-) TimerEvent: {}
[36.410061] (-) TimerEvent: {}
[36.514666] (-) TimerEvent: {}
[36.617894] (-) TimerEvent: {}
[36.738121] (-) TimerEvent: {}
[36.841290] (-) TimerEvent: {}
[36.944438] (-) TimerEvent: {}
[37.048097] (-) TimerEvent: {}
[37.152558] (-) TimerEvent: {}
[37.256335] (-) TimerEvent: {}
[37.296093] (path_planning) Command: {'cmd': ['/usr/bin/python3', '-W', 'ignore:setup.py install is deprecated', '-W', 'ignore:easy_install command is deprecated', 'setup.py', 'develop', '--editable', '--build-directory', '/home/racecar/racecar_ws/src/racecar/lab6/build/path_planning/build', '--no-deps', 'symlink_data'], 'cwd': '/home/racecar/racecar_ws/src/racecar/lab6/build/path_planning', 'env': {'PYTHONIOENCODING': 'utf-8', 'HOSTNAME': '3ed8ec340ea5', 'SHLVL': '1', 'LD_LIBRARY_PATH': '/home/racecar/racecar_ws/install/custom_msgs/lib:/opt/ros/humble/opt/rviz_ogre_vendor/lib:/opt/ros/humble/lib/aarch64-linux-gnu:/opt/ros/humble/lib', 'HOME': '/home/racecar', 'OLDPWD': '/home/racecar/racecar_ws/src/racecar/lab6/launch', 'ROS_PYTHON_VERSION': '3', 'COLCON_PREFIX_PATH': '/home/sim_ws/install:/home/racecar/racecar_ws/install', 'ROS_DISTRO': 'humble', '_': '/usr/bin/colcon', 'ROS_VERSION': '2', 'TERM': 'xterm', 'ROS_LOCALHOST_ONLY': '0', 'PATH': '/opt/ros/humble/bin:/usr/local/sbin:/usr/local/bin:/usr/sbin:/usr/bin:/sbin:/bin', 'LANG': 'en_US.UTF-8', 'AMENT_PREFIX_PATH': '/home/sim_ws/install/racecar_simulator:/home/racecar/racecar_ws/install/wall_follower:/home/racecar/racecar_ws/install/ros_exercises:/home/racecar/racecar_ws/install/py_pubsub:/home/racecar/racecar_ws/install/custom_msgs:/home/racecar/racecar_ws/install/1c_test:/opt/ros/humble', 'SIM_WS': '/home/sim_ws', 'PWD': '/home/racecar/racecar_ws/src/racecar/lab6/build/path_planning', 'PYTHONPATH': '/home/racecar/racecar_ws/src/racecar/lab6/build/path_planning/prefix_override:/usr/lib/python3/dist-packages/colcon_core/task/python/colcon_distutils_commands:/home/racecar/racecar_ws/src/racecar/lab6/install/path_planning/lib/python3.10/site-packages:/home/racecar/racecar_ws/build/wall_follower:/home/racecar/racecar_ws/install/wall_follower/lib/python3.10/site-packages:/home/racecar/racecar_ws/build/ros_exercises:/home/racecar/racecar_ws/install/ros_exercises/lib/python3.10/site-packages:/home/racecar/racecar_ws/build/py_pubsub:/home/racecar/racecar_ws/install/py_pubsub/lib/python3.10/site-packages:/home/racecar/racecar_ws/install/custom_msgs/local/lib/python3.10/dist-packages:/home/racecar/racecar_ws/build/1c_test:/home/racecar/racecar_ws/install/1c_test/lib/python3.10/site-packages:/opt/ros/humble/lib/python3.10/site-packages:/opt/ros/humble/local/lib/python3.10/dist-packages', 'NO_VNC_VERSION': '1.4.0', 'COLCON': '1', 'CMAKE_PREFIX_PATH': '/home/sim_ws/install/racecar_simulator:/home/racecar/racecar_ws/install/custom_msgs'}, 'shell': False}
[37.364829] (-) TimerEvent: {}
[37.466889] (-) TimerEvent: {}
[37.569463] (-) TimerEvent: {}
[37.672301] (-) TimerEvent: {}
[37.776864] (-) TimerEvent: {}
[37.882413] (-) TimerEvent: {}
[37.986010] (-) TimerEvent: {}
[38.088493] (-) TimerEvent: {}
[38.190947] (-) TimerEvent: {}
[38.293341] (-) TimerEvent: {}
[38.396137] (-) TimerEvent: {}
[38.499013] (-) TimerEvent: {}
[38.601310] (-) TimerEvent: {}
[38.707084] (-) TimerEvent: {}
[38.811026] (-) TimerEvent: {}
[38.914756] (-) TimerEvent: {}
[39.018742] (-) TimerEvent: {}
[39.121226] (-) TimerEvent: {}
[39.223585] (-) TimerEvent: {}
[39.325857] (-) TimerEvent: {}
[39.429296] (-) TimerEvent: {}
[39.541555] (-) TimerEvent: {}
[39.644082] (-) TimerEvent: {}
[39.747076] (-) TimerEvent: {}
[39.858843] (-) TimerEvent: {}
[39.966759] (-) TimerEvent: {}
[40.078460] (-) TimerEvent: {}
[40.181880] (-) TimerEvent: {}
[40.284307] (-) TimerEvent: {}
[40.388813] (-) TimerEvent: {}
[40.494781] (-) TimerEvent: {}
[40.597420] (-) TimerEvent: {}
[40.706747] (-) TimerEvent: {}
[40.815036] (-) TimerEvent: {}
[40.926738] (-) TimerEvent: {}
[41.034812] (-) TimerEvent: {}
[41.138989] (-) TimerEvent: {}
[41.241364] (-) TimerEvent: {}
[41.346592] (-) TimerEvent: {}
[41.449717] (-) TimerEvent: {}
[41.554184] (-) TimerEvent: {}
[41.660283] (-) TimerEvent: {}
[41.762899] (-) TimerEvent: {}
[41.866445] (-) TimerEvent: {}
[41.969087] (-) TimerEvent: {}
[42.071922] (-) TimerEvent: {}
[42.174477] (-) TimerEvent: {}
[42.276875] (-) TimerEvent: {}
[42.379235] (-) TimerEvent: {}
[42.484844] (-) TimerEvent: {}
[42.591151] (-) TimerEvent: {}
[42.701543] (-) TimerEvent: {}
[42.805738] (-) TimerEvent: {}
[42.911051] (-) TimerEvent: {}
[43.018750] (-) TimerEvent: {}
[43.125871] (-) TimerEvent: {}
[43.228204] (-) TimerEvent: {}
[43.330531] (-) TimerEvent: {}
[43.432985] (-) TimerEvent: {}
[43.536035] (-) TimerEvent: {}
[43.645309] (-) TimerEvent: {}
[43.750577] (-) TimerEvent: {}
[43.853145] (-) TimerEvent: {}
[43.957500] (-) TimerEvent: {}
[44.060405] (-) TimerEvent: {}
[44.162972] (-) TimerEvent: {}
[44.265344] (-) TimerEvent: {}
[44.374628] (-) TimerEvent: {}
[44.477973] (-) TimerEvent: {}
[44.582744] (-) TimerEvent: {}
[44.685483] (-) TimerEvent: {}
[44.788158] (-) TimerEvent: {}
[44.895048] (-) TimerEvent: {}
[44.999573] (-) TimerEvent: {}
[45.106104] (-) TimerEvent: {}
[45.208673] (-) TimerEvent: {}
[45.311632] (-) TimerEvent: {}
[45.423168] (-) TimerEvent: {}
[45.525925] (-) TimerEvent: {}
[45.632383] (-) TimerEvent: {}
[45.734792] (-) TimerEvent: {}
[45.837375] (-) TimerEvent: {}
[45.943081] (-) TimerEvent: {}
[46.046215] (-) TimerEvent: {}
[46.154757] (-) TimerEvent: {}
[46.259834] (-) TimerEvent: {}
[46.362716] (-) TimerEvent: {}
[46.465094] (-) TimerEvent: {}
[46.571729] (-) TimerEvent: {}
[46.677656] (-) TimerEvent: {}
[46.782556] (-) TimerEvent: {}
[46.885580] (-) TimerEvent: {}
[46.988298] (-) TimerEvent: {}
[47.092229] (-) TimerEvent: {}
[47.194876] (-) TimerEvent: {}
[47.297818] (-) TimerEvent: {}
[47.402744] (-) TimerEvent: {}
[47.507801] (-) TimerEvent: {}
[47.610575] (-) TimerEvent: {}
[47.713027] (-) TimerEvent: {}
[47.816189] (-) TimerEvent: {}
[47.919057] (-) TimerEvent: {}
[48.022774] (-) TimerEvent: {}
[48.128613] (-) TimerEvent: {}
[48.233340] (-) TimerEvent: {}
[48.338932] (-) TimerEvent: {}
[48.443038] (-) TimerEvent: {}
[48.547762] (-) TimerEvent: {}
[48.654047] (-) TimerEvent: {}
[48.756573] (-) TimerEvent: {}
[48.858937] (-) TimerEvent: {}
[48.962368] (-) TimerEvent: {}
[49.065011] (-) TimerEvent: {}
[49.174741] (-) TimerEvent: {}
[49.278078] (-) TimerEvent: {}
[49.381018] (-) TimerEvent: {}
[49.486730] (-) TimerEvent: {}
[49.595221] (-) TimerEvent: {}
[49.698938] (-) TimerEvent: {}
[49.810765] (-) TimerEvent: {}
[49.918748] (-) TimerEvent: {}
[50.024045] (-) TimerEvent: {}
[50.127999] (-) TimerEvent: {}
[50.230804] (-) TimerEvent: {}
[50.333338] (-) TimerEvent: {}
[50.436024] (-) TimerEvent: {}
[50.540584] (-) TimerEvent: {}
[50.644195] (-) TimerEvent: {}
[50.750114] (-) TimerEvent: {}
[50.854828] (-) TimerEvent: {}
[50.959976] (-) TimerEvent: {}
[51.062526] (-) TimerEvent: {}
[51.169220] (-) TimerEvent: {}
[51.272133] (-) TimerEvent: {}
[51.297014] (path_planning) StderrLine: {'line': b"/usr/lib/python3/dist-packages/setuptools/dist.py:723: UserWarning: Usage of dash-separated 'script-dir' will not be supported in future versions. Please use the underscore name 'script_dir' instead\n"}
[51.307097] (path_planning) StderrLine: {'line': b'  warnings.warn(\n'}
[51.374769] (-) TimerEvent: {}
[51.479256] (-) TimerEvent: {}
[51.585383] (-) TimerEvent: {}
[51.687927] (-) TimerEvent: {}
[51.803640] (-) TimerEvent: {}
[51.908372] (-) TimerEvent: {}
[52.013560] (-) TimerEvent: {}
[52.117299] (-) TimerEvent: {}
[52.219856] (-) TimerEvent: {}
[52.323795] (-) TimerEvent: {}
[52.428769] (-) TimerEvent: {}
[52.531374] (-) TimerEvent: {}
[52.637405] (-) TimerEvent: {}
[52.742629] (-) TimerEvent: {}
[52.818068] (path_planning) StdoutLine: {'line': b'running develop\n'}
[52.843267] (-) TimerEvent: {}
[52.954401] (-) TimerEvent: {}
[53.057037] (-) TimerEvent: {}
[53.164597] (-) TimerEvent: {}
[53.267493] (-) TimerEvent: {}
[53.370120] (-) TimerEvent: {}
[53.472762] (-) TimerEvent: {}
[53.577363] (-) TimerEvent: {}
[53.681306] (-) TimerEvent: {}
[53.790570] (-) TimerEvent: {}
[53.899474] (-) TimerEvent: {}
[54.002805] (-) TimerEvent: {}
[54.109617] (-) TimerEvent: {}
[54.218534] (-) TimerEvent: {}
[54.328267] (-) TimerEvent: {}
[54.430624] (-) TimerEvent: {}
[54.541507] (-) TimerEvent: {}
[54.643832] (-) TimerEvent: {}
[54.751183] (-) TimerEvent: {}
[54.853757] (-) TimerEvent: {}
[54.964267] (-) TimerEvent: {}
[55.070653] (-) TimerEvent: {}
[55.176108] (-) TimerEvent: {}
[55.282163] (-) TimerEvent: {}
[55.391275] (-) TimerEvent: {}
[55.497354] (-) TimerEvent: {}
[55.600773] (-) TimerEvent: {}
[55.716529] (-) TimerEvent: {}
[55.819115] (-) TimerEvent: {}
[55.921400] (-) TimerEvent: {}
[56.024046] (-) TimerEvent: {}
[56.126617] (-) TimerEvent: {}
[56.229379] (-) TimerEvent: {}
[56.333626] (-) TimerEvent: {}
[56.436340] (-) TimerEvent: {}
[56.538849] (-) TimerEvent: {}
[56.643824] (-) TimerEvent: {}
[56.751029] (-) TimerEvent: {}
[56.861784] (-) TimerEvent: {}
[56.966819] (-) TimerEvent: {}
[57.078164] (-) TimerEvent: {}
[57.182014] (-) TimerEvent: {}
[57.290780] (-) TimerEvent: {}
[57.393409] (-) TimerEvent: {}
[57.501547] (-) TimerEvent: {}
[57.608781] (-) TimerEvent: {}
[57.711280] (-) TimerEvent: {}
[57.813719] (-) TimerEvent: {}
[57.916126] (-) TimerEvent: {}
[58.018475] (-) TimerEvent: {}
[58.120972] (-) TimerEvent: {}
[58.223547] (-) TimerEvent: {}
[58.325864] (-) TimerEvent: {}
[58.428273] (-) TimerEvent: {}
[58.530590] (-) TimerEvent: {}
[58.634401] (-) TimerEvent: {}
[58.738405] (-) TimerEvent: {}
[58.841128] (-) TimerEvent: {}
[58.945070] (-) TimerEvent: {}
[59.051051] (-) TimerEvent: {}
[59.057612] (path_planning) StdoutLine: {'line': b'running egg_info\n'}
[59.060602] (path_planning) StdoutLine: {'line': b'creating path_planning.egg-info\n'}
[59.068206] (path_planning) StdoutLine: {'line': b'writing path_planning.egg-info/PKG-INFO\n'}
[59.094718] (path_planning) StdoutLine: {'line': b'writing dependency_links to path_planning.egg-info/dependency_links.txt\n'}
[59.125606] (path_planning) StdoutLine: {'line': b'writing entry points to path_planning.egg-info/entry_points.txt\n'}
[59.143163] (path_planning) StdoutLine: {'line': b'writing requirements to path_planning.egg-info/requires.txt\n'}
[59.157366] (-) TimerEvent: {}
[59.159233] (path_planning) StdoutLine: {'line': b'writing top-level names to path_planning.egg-info/top_level.txt\n'}
[59.182909] (path_planning) StdoutLine: {'line': b"writing manifest file 'path_planning.egg-info/SOURCES.txt'\n"}
[59.258436] (-) TimerEvent: {}
[59.361780] (-) TimerEvent: {}
[59.464186] (-) TimerEvent: {}
[59.566431] (-) TimerEvent: {}
[59.633442] (path_planning) StdoutLine: {'line': b"reading manifest file 'path_planning.egg-info/SOURCES.txt'\n"}
[59.671048] (-) TimerEvent: {}
[59.780650] (-) TimerEvent: {}
[59.902788] (-) TimerEvent: {}
[60.008430] (-) TimerEvent: {}
[60.022623] (path_planning) StdoutLine: {'line': b"writing manifest file 'path_planning.egg-info/SOURCES.txt'\n"}
[60.109048] (-) TimerEvent: {}
[60.214839] (-) TimerEvent: {}
[60.320215] (-) TimerEvent: {}
[60.430794] (-) TimerEvent: {}
[60.538763] (-) TimerEvent: {}
[60.644202] (-) TimerEvent: {}
[60.747118] (-) TimerEvent: {}
[60.850074] (-) TimerEvent: {}
[60.955085] (-) TimerEvent: {}
[61.062746] (-) TimerEvent: {}
[61.169538] (-) TimerEvent: {}
[61.279205] (-) TimerEvent: {}
[61.390932] (-) TimerEvent: {}
[61.494116] (-) TimerEvent: {}
[61.606778] (-) TimerEvent: {}
[61.710011] (-) TimerEvent: {}
[61.718583] (path_planning) StdoutLine: {'line': b'running build_ext\n'}
[61.721304] (path_planning) StdoutLine: {'line': b'Creating /home/racecar/racecar_ws/src/racecar/lab6/install/path_planning/lib/python3.10/site-packages/path-planning.egg-link (link to .)\n'}
[61.811838] (-) TimerEvent: {}
[61.890921] (path_planning) StdoutLine: {'line': b'Installing trajectory_builder script to /home/racecar/racecar_ws/src/racecar/lab6/install/path_planning/lib/path_planning\n'}
[61.914679] (-) TimerEvent: {}
[61.995341] (path_planning) StdoutLine: {'line': b'Installing trajectory_follower script to /home/racecar/racecar_ws/src/racecar/lab6/install/path_planning/lib/path_planning\n'}
[62.019922] (-) TimerEvent: {}
[62.067071] (path_planning) StdoutLine: {'line': b'Installing trajectory_loader script to /home/racecar/racecar_ws/src/racecar/lab6/install/path_planning/lib/path_planning\n'}
[62.122321] (-) TimerEvent: {}
[62.141395] (path_planning) StdoutLine: {'line': b'Installing trajectory_planner script to /home/racecar/racecar_ws/src/racecar/lab6/install/path_planning/lib/path_planning\n'}
[62.221289] (-) TimerEvent: {}
[62.236210] (path_planning) StdoutLine: {'line': b'\n'}
[62.248221] (path_planning) StdoutLine: {'line': b'Installed /home/racecar/racecar_ws/src/racecar/lab6/build/path_planning\n'}
[62.253630] (path_planning) StdoutLine: {'line': b'running symlink_data\n'}
[62.290684] (path_planning) StdoutLine: {'line': b'symbolically linking /home/racecar/racecar_ws/src/racecar/lab6/build/path_planning/package.xml -> /home/racecar/racecar_ws/src/racecar/lab6/install/path_planning/share/path_planning\n'}
[62.325487] (-) TimerEvent: {}
[62.331813] (path_planning) StdoutLine: {'line': b'creating /home/racecar/racecar_ws/src/racecar/lab6/install/path_planning/share/ament_index\n'}
[62.344806] (path_planning) StdoutLine: {'line': b'creating /home/racecar/racecar_ws/src/racecar/lab6/install/path_planning/share/ament_index/resource_index\n'}
[62.361828] (path_planning) StdoutLine: {'line': b'creating /home/racecar/racecar_ws/src/racecar/lab6/install/path_planning/share/ament_index/resource_index/packages\n'}
[62.403043] (path_planning) StdoutLine: {'line': b'symbolically linking /home/racecar/racecar_ws/src/racecar/lab6/build/path_planning/resource/path_planning -> /home/racecar/racecar_ws/src/racecar/lab6/install/path_planning/share/ament_index/resource_index/packages\n'}
[62.431555] (-) TimerEvent: {}
[62.470631] (path_planning) StdoutLine: {'line': b'creating /home/racecar/racecar_ws/src/racecar/lab6/install/path_planning/share/path_planning/launch\n'}
[62.474582] (path_planning) StdoutLine: {'line': b'creating /home/racecar/racecar_ws/src/racecar/lab6/install/path_planning/share/path_planning/launch/sim\n'}
[62.527523] (path_planning) StdoutLine: {'line': b'symbolically linking /home/racecar/racecar_ws/src/racecar/lab6/build/path_planning/launch/sim/pf_sim_plan_follow.launch.xml -> /home/racecar/racecar_ws/src/racecar/lab6/install/path_planning/share/path_planning/launch/sim\n'}
[62.536466] (-) TimerEvent: {}
[62.592542] (path_planning) StdoutLine: {'line': b'symbolically linking /home/racecar/racecar_ws/src/racecar/lab6/build/path_planning/launch/sim/sim_plan.launch.xml -> /home/racecar/racecar_ws/src/racecar/lab6/install/path_planning/share/path_planning/launch/sim\n'}
[62.639084] (-) TimerEvent: {}
[62.666789] (path_planning) StdoutLine: {'line': b'symbolically linking /home/racecar/racecar_ws/src/racecar/lab6/build/path_planning/launch/sim/sim_plan_follow.launch.xml -> /home/racecar/racecar_ws/src/racecar/lab6/install/path_planning/share/path_planning/launch/sim\n'}
[62.719120] (path_planning) StdoutLine: {'line': b'creating /home/racecar/racecar_ws/src/racecar/lab6/install/path_planning/share/path_planning/launch/real\n'}
[62.747071] (-) TimerEvent: {}
[62.772086] (path_planning) StdoutLine: {'line': b'symbolically linking /home/racecar/racecar_ws/src/racecar/lab6/build/path_planning/launch/real/real.launch.xml -> /home/racecar/racecar_ws/src/racecar/lab6/install/path_planning/share/path_planning/launch/real\n'}
[62.852727] (-) TimerEvent: {}
[62.860729] (path_planning) StdoutLine: {'line': b'creating /home/racecar/racecar_ws/src/racecar/lab6/install/path_planning/share/path_planning/launch/debug\n'}
[62.905788] (path_planning) StdoutLine: {'line': b'symbolically linking /home/racecar/racecar_ws/src/racecar/lab6/build/path_planning/launch/debug/build_trajectory.launch.xml -> /home/racecar/racecar_ws/src/racecar/lab6/install/path_planning/share/path_planning/launch/debug\n'}
[62.953897] (-) TimerEvent: {}
[62.987843] (path_planning) StdoutLine: {'line': b'symbolically linking /home/racecar/racecar_ws/src/racecar/lab6/build/path_planning/launch/debug/follow_trajectory.launch.xml -> /home/racecar/racecar_ws/src/racecar/lab6/install/path_planning/share/path_planning/launch/debug\n'}
[63.054462] (-) TimerEvent: {}
[63.077196] (path_planning) StdoutLine: {'line': b'symbolically linking /home/racecar/racecar_ws/src/racecar/lab6/build/path_planning/launch/debug/load_trajectory.launch.xml -> /home/racecar/racecar_ws/src/racecar/lab6/install/path_planning/share/path_planning/launch/debug\n'}
[63.118892] (path_planning) StdoutLine: {'line': b'creating /home/racecar/racecar_ws/src/racecar/lab6/install/path_planning/share/path_planning/config\n'}
[63.146842] (path_planning) StdoutLine: {'line': b'creating /home/racecar/racecar_ws/src/racecar/lab6/install/path_planning/share/path_planning/config/sim\n'}
[63.155075] (-) TimerEvent: {}
[63.184985] (path_planning) StdoutLine: {'line': b'symbolically linking /home/racecar/racecar_ws/src/racecar/lab6/build/path_planning/config/sim/pf_config.yaml -> /home/racecar/racecar_ws/src/racecar/lab6/install/path_planning/share/path_planning/config/sim\n'}
[63.238782] (path_planning) StdoutLine: {'line': b'symbolically linking /home/racecar/racecar_ws/src/racecar/lab6/build/path_planning/config/sim/pf_sim_config.yaml -> /home/racecar/racecar_ws/src/racecar/lab6/install/path_planning/share/path_planning/config/sim\n'}
[63.256054] (-) TimerEvent: {}
[63.322006] (path_planning) StdoutLine: {'line': b'symbolically linking /home/racecar/racecar_ws/src/racecar/lab6/build/path_planning/config/sim/sim_config.yaml -> /home/racecar/racecar_ws/src/racecar/lab6/install/path_planning/share/path_planning/config/sim\n'}
[63.356680] (-) TimerEvent: {}
[63.369419] (path_planning) StdoutLine: {'line': b'creating /home/racecar/racecar_ws/src/racecar/lab6/install/path_planning/share/path_planning/config/real\n'}
[63.430426] (path_planning) StdoutLine: {'line': b'symbolically linking /home/racecar/racecar_ws/src/racecar/lab6/build/path_planning/config/real/config.yaml -> /home/racecar/racecar_ws/src/racecar/lab6/install/path_planning/share/path_planning/config/real\n'}
[63.459349] (-) TimerEvent: {}
[63.484802] (path_planning) StdoutLine: {'line': b'symbolically linking /home/racecar/racecar_ws/src/racecar/lab6/build/path_planning/config/real/pf_config.yaml -> /home/racecar/racecar_ws/src/racecar/lab6/install/path_planning/share/path_planning/config/real\n'}
[63.529455] (path_planning) StdoutLine: {'line': b'creating /home/racecar/racecar_ws/src/racecar/lab6/install/path_planning/share/path_planning/config/debug\n'}
[63.550220] (path_planning) StdoutLine: {'line': b'creating /home/racecar/racecar_ws/src/racecar/lab6/install/path_planning/share/path_planning/example_trajectories\n'}
[63.562606] (-) TimerEvent: {}
[63.603574] (path_planning) StdoutLine: {'line': b'symbolically linking /home/racecar/racecar_ws/src/racecar/lab6/build/path_planning/example_trajectories/trajectory_1.traj -> /home/racecar/racecar_ws/src/racecar/lab6/install/path_planning/share/path_planning/example_trajectories\n'}
[63.656671] (path_planning) StdoutLine: {'line': b'symbolically linking /home/racecar/racecar_ws/src/racecar/lab6/build/path_planning/example_trajectories/trajectory_2.traj -> /home/racecar/racecar_ws/src/racecar/lab6/install/path_planning/share/path_planning/example_trajectories\n'}
[63.666688] (-) TimerEvent: {}
[63.704551] (path_planning) StdoutLine: {'line': b'symbolically linking /home/racecar/racecar_ws/src/racecar/lab6/build/path_planning/example_trajectories/trajectory_3.traj -> /home/racecar/racecar_ws/src/racecar/lab6/install/path_planning/share/path_planning/example_trajectories\n'}
[63.767280] (-) TimerEvent: {}
[63.874762] (-) TimerEvent: {}
[63.909212] (path_planning) CommandEnded: {'returncode': 0}
[63.978830] (-) TimerEvent: {}
[64.087746] (-) TimerEvent: {}
[64.199118] (-) TimerEvent: {}
[64.303069] (-) TimerEvent: {}
[64.418628] (-) TimerEvent: {}
[64.522690] (-) TimerEvent: {}
[64.625028] (-) TimerEvent: {}
[64.727928] (-) TimerEvent: {}
[64.830148] (-) TimerEvent: {}
[64.932507] (-) TimerEvent: {}
[65.047245] (-) TimerEvent: {}
[65.154921] (-) TimerEvent: {}
[65.257561] (-) TimerEvent: {}
[65.364832] (-) TimerEvent: {}
[65.469771] (-) TimerEvent: {}
[65.574785] (-) TimerEvent: {}
[65.678029] (-) TimerEvent: {}
[65.802139] (-) TimerEvent: {}
[65.940259] (-) TimerEvent: {}
[66.046661] (-) TimerEvent: {}
[66.150736] (-) TimerEvent: {}
[66.267791] (-) TimerEvent: {}
[66.375044] (-) TimerEvent: {}
[66.481417] (-) TimerEvent: {}
[66.590045] (-) TimerEvent: {}
[66.701988] (-) TimerEvent: {}
[66.775725] (path_planning) JobEnded: {'identifier': 'path_planning', 'rc': 0}
[66.827053] (-) TimerEvent: {}
[66.832511] (-) EventReactorShutdown: {}
