/usr/lib/python3/dist-packages/setuptools/dist.py:723: UserWarning: Usage of dash-separated 'script-dir' will not be supported in future versions. Please use the underscore name 'script_dir' instead
  warnings.warn(
running develop
running egg_info
creating path_planning.egg-info
writing path_planning.egg-info/PKG-INFO
writing dependency_links to path_planning.egg-info/dependency_links.txt
writing entry points to path_planning.egg-info/entry_points.txt
writing requirements to path_planning.egg-info/requires.txt
writing top-level names to path_planning.egg-info/top_level.txt
writing manifest file 'path_planning.egg-info/SOURCES.txt'
reading manifest file 'path_planning.egg-info/SOURCES.txt'
writing manifest file 'path_planning.egg-info/SOURCES.txt'
running build_ext
Creating /home/racecar/racecar_ws/src/racecar/lab6/install/path_planning/lib/python3.10/site-packages/path-planning.egg-link (link to .)
Installing trajectory_builder script to /home/racecar/racecar_ws/src/racecar/lab6/install/path_planning/lib/path_planning
Installing trajectory_follower script to /home/racecar/racecar_ws/src/racecar/lab6/install/path_planning/lib/path_planning
Installing trajectory_loader script to /home/racecar/racecar_ws/src/racecar/lab6/install/path_planning/lib/path_planning
Installing trajectory_planner script to /home/racecar/racecar_ws/src/racecar/lab6/install/path_planning/lib/path_planning

Installed /home/racecar/racecar_ws/src/racecar/lab6/build/path_planning
running symlink_data
symbolically linking /home/racecar/racecar_ws/src/racecar/lab6/build/path_planning/package.xml -> /home/racecar/racecar_ws/src/racecar/lab6/install/path_planning/share/path_planning
creating /home/racecar/racecar_ws/src/racecar/lab6/install/path_planning/share/ament_index
creating /home/racecar/racecar_ws/src/racecar/lab6/install/path_planning/share/ament_index/resource_index
creating /home/racecar/racecar_ws/src/racecar/lab6/install/path_planning/share/ament_index/resource_index/packages
symbolically linking /home/racecar/racecar_ws/src/racecar/lab6/build/path_planning/resource/path_planning -> /home/racecar/racecar_ws/src/racecar/lab6/install/path_planning/share/ament_index/resource_index/packages
creating /home/racecar/racecar_ws/src/racecar/lab6/install/path_planning/share/path_planning/launch
creating /home/racecar/racecar_ws/src/racecar/lab6/install/path_planning/share/path_planning/launch/sim
symbolically linking /home/racecar/racecar_ws/src/racecar/lab6/build/path_planning/launch/sim/pf_sim_plan_follow.launch.xml -> /home/racecar/racecar_ws/src/racecar/lab6/install/path_planning/share/path_planning/launch/sim
symbolically linking /home/racecar/racecar_ws/src/racecar/lab6/build/path_planning/launch/sim/sim_plan.launch.xml -> /home/racecar/racecar_ws/src/racecar/lab6/install/path_planning/share/path_planning/launch/sim
symbolically linking /home/racecar/racecar_ws/src/racecar/lab6/build/path_planning/launch/sim/sim_plan_follow.launch.xml -> /home/racecar/racecar_ws/src/racecar/lab6/install/path_planning/share/path_planning/launch/sim
creating /home/racecar/racecar_ws/src/racecar/lab6/install/path_planning/share/path_planning/launch/real
symbolically linking /home/racecar/racecar_ws/src/racecar/lab6/build/path_planning/launch/real/real.launch.xml -> /home/racecar/racecar_ws/src/racecar/lab6/install/path_planning/share/path_planning/launch/real
creating /home/racecar/racecar_ws/src/racecar/lab6/install/path_planning/share/path_planning/launch/debug
symbolically linking /home/racecar/racecar_ws/src/racecar/lab6/build/path_planning/launch/debug/build_trajectory.launch.xml -> /home/racecar/racecar_ws/src/racecar/lab6/install/path_planning/share/path_planning/launch/debug
symbolically linking /home/racecar/racecar_ws/src/racecar/lab6/build/path_planning/launch/debug/follow_trajectory.launch.xml -> /home/racecar/racecar_ws/src/racecar/lab6/install/path_planning/share/path_planning/launch/debug
symbolically linking /home/racecar/racecar_ws/src/racecar/lab6/build/path_planning/launch/debug/load_trajectory.launch.xml -> /home/racecar/racecar_ws/src/racecar/lab6/install/path_planning/share/path_planning/launch/debug
creating /home/racecar/racecar_ws/src/racecar/lab6/install/path_planning/share/path_planning/config
creating /home/racecar/racecar_ws/src/racecar/lab6/install/path_planning/share/path_planning/config/sim
symbolically linking /home/racecar/racecar_ws/src/racecar/lab6/build/path_planning/config/sim/pf_config.yaml -> /home/racecar/racecar_ws/src/racecar/lab6/install/path_planning/share/path_planning/config/sim
symbolically linking /home/racecar/racecar_ws/src/racecar/lab6/build/path_planning/config/sim/pf_sim_config.yaml -> /home/racecar/racecar_ws/src/racecar/lab6/install/path_planning/share/path_planning/config/sim
symbolically linking /home/racecar/racecar_ws/src/racecar/lab6/build/path_planning/config/sim/sim_config.yaml -> /home/racecar/racecar_ws/src/racecar/lab6/install/path_planning/share/path_planning/config/sim
creating /home/racecar/racecar_ws/src/racecar/lab6/install/path_planning/share/path_planning/config/real
symbolically linking /home/racecar/racecar_ws/src/racecar/lab6/build/path_planning/config/real/config.yaml -> /home/racecar/racecar_ws/src/racecar/lab6/install/path_planning/share/path_planning/config/real
symbolically linking /home/racecar/racecar_ws/src/racecar/lab6/build/path_planning/config/real/pf_config.yaml -> /home/racecar/racecar_ws/src/racecar/lab6/install/path_planning/share/path_planning/config/real
creating /home/racecar/racecar_ws/src/racecar/lab6/install/path_planning/share/path_planning/config/debug
creating /home/racecar/racecar_ws/src/racecar/lab6/install/path_planning/share/path_planning/example_trajectories
symbolically linking /home/racecar/racecar_ws/src/racecar/lab6/build/path_planning/example_trajectories/trajectory_1.traj -> /home/racecar/racecar_ws/src/racecar/lab6/install/path_planning/share/path_planning/example_trajectories
symbolically linking /home/racecar/racecar_ws/src/racecar/lab6/build/path_planning/example_trajectories/trajectory_2.traj -> /home/racecar/racecar_ws/src/racecar/lab6/install/path_planning/share/path_planning/example_trajectories
symbolically linking /home/racecar/racecar_ws/src/racecar/lab6/build/path_planning/example_trajectories/trajectory_3.traj -> /home/racecar/racecar_ws/src/racecar/lab6/install/path_planning/share/path_planning/example_trajectories
