[0.000000] (-) TimerEvent: {}
[0.010891] (path_planning) JobQueued: {'identifier': 'path_planning', 'dependencies': OrderedDict()}
[0.011909] (path_planning) JobStarted: {'identifier': 'path_planning'}
[0.093266] (-) TimerEvent: {}
[0.195757] (-) TimerEvent: {}
[0.297760] (-) TimerEvent: {}
[0.401764] (-) TimerEvent: {}
[0.507190] (-) TimerEvent: {}
[0.610626] (-) TimerEvent: {}
[0.723213] (-) TimerEvent: {}
[0.825565] (-) TimerEvent: {}
[0.932669] (-) TimerEvent: {}
[1.034495] (-) TimerEvent: {}
[1.137230] (-) TimerEvent: {}
[1.244500] (-) TimerEvent: {}
[1.351438] (-) TimerEvent: {}
[1.453600] (-) TimerEvent: {}
[1.563836] (-) TimerEvent: {}
[1.679342] (-) TimerEvent: {}
[1.781714] (-) TimerEvent: {}
[1.895101] (-) TimerEvent: {}
[1.998292] (-) TimerEvent: {}
[2.102959] (-) TimerEvent: {}
[2.204681] (-) TimerEvent: {}
[2.306189] (-) TimerEvent: {}
[2.407745] (-) TimerEvent: {}
[2.510869] (-) TimerEvent: {}
[2.612345] (-) TimerEvent: {}
[2.713996] (-) TimerEvent: {}
[2.815472] (-) TimerEvent: {}
[2.916948] (-) TimerEvent: {}
[3.018454] (-) TimerEvent: {}
[3.123090] (-) TimerEvent: {}
[3.226950] (-) TimerEvent: {}
[3.328775] (-) TimerEvent: {}
[3.432760] (-) TimerEvent: {}
[3.534296] (-) TimerEvent: {}
[3.639093] (-) TimerEvent: {}
[3.741871] (-) TimerEvent: {}
[3.846194] (-) TimerEvent: {}
[3.950273] (-) TimerEvent: {}
[4.053093] (-) TimerEvent: {}
[4.154568] (-) TimerEvent: {}
[4.256305] (-) TimerEvent: {}
[4.359104] (-) TimerEvent: {}
[4.467100] (-) TimerEvent: {}
[4.574169] (-) TimerEvent: {}
[4.680246] (-) TimerEvent: {}
[4.782321] (-) TimerEvent: {}
[4.884000] (-) TimerEvent: {}
[4.992242] (-) TimerEvent: {}
[5.102967] (-) TimerEvent: {}
[5.208587] (-) TimerEvent: {}
[5.310160] (-) TimerEvent: {}
[5.415401] (-) TimerEvent: {}
[5.518093] (-) TimerEvent: {}
[5.620786] (-) TimerEvent: {}
[5.735182] (-) TimerEvent: {}
[5.840387] (-) TimerEvent: {}
[5.947840] (-) TimerEvent: {}
[6.049766] (-) TimerEvent: {}
[6.151458] (-) TimerEvent: {}
[6.255301] (-) TimerEvent: {}
[6.363202] (-) TimerEvent: {}
[6.465493] (-) TimerEvent: {}
[6.567577] (-) TimerEvent: {}
[6.684569] (-) TimerEvent: {}
[6.796864] (-) TimerEvent: {}
[6.901107] (-) TimerEvent: {}
[7.002994] (-) TimerEvent: {}
[7.104957] (-) TimerEvent: {}
[7.210970] (-) TimerEvent: {}
[7.314099] (-) TimerEvent: {}
[7.427105] (-) TimerEvent: {}
[7.529881] (-) TimerEvent: {}
[7.636361] (-) TimerEvent: {}
[7.739008] (-) TimerEvent: {}
[7.840466] (-) TimerEvent: {}
[7.947364] (-) TimerEvent: {}
[8.048940] (-) TimerEvent: {}
[8.154949] (-) TimerEvent: {}
[8.259756] (-) TimerEvent: {}
[8.361400] (-) TimerEvent: {}
[8.465597] (-) TimerEvent: {}
[8.567241] (-) TimerEvent: {}
[8.668975] (-) TimerEvent: {}
[8.775181] (-) TimerEvent: {}
[8.880312] (-) TimerEvent: {}
[8.981890] (-) TimerEvent: {}
[9.083578] (-) TimerEvent: {}
[9.186631] (-) TimerEvent: {}
[9.288606] (-) TimerEvent: {}
[9.394198] (-) TimerEvent: {}
[9.499162] (-) TimerEvent: {}
[9.603666] (-) TimerEvent: {}
[9.708529] (-) TimerEvent: {}
[9.810052] (-) TimerEvent: {}
[9.911532] (-) TimerEvent: {}
[10.013343] (-) TimerEvent: {}
[10.117873] (-) TimerEvent: {}
[10.222223] (-) TimerEvent: {}
[10.327783] (-) TimerEvent: {}
[10.429611] (-) TimerEvent: {}
[10.531236] (-) TimerEvent: {}
[10.637147] (-) TimerEvent: {}
[10.740143] (-) TimerEvent: {}
[10.847985] (-) TimerEvent: {}
[10.950008] (-) TimerEvent: {}
[11.052170] (-) TimerEvent: {}
[11.166957] (-) TimerEvent: {}
[11.274950] (-) TimerEvent: {}
[11.376508] (-) TimerEvent: {}
[11.488498] (-) TimerEvent: {}
[11.597679] (-) TimerEvent: {}
[11.699240] (-) TimerEvent: {}
[11.801025] (-) TimerEvent: {}
[11.907147] (-) TimerEvent: {}
[12.009146] (-) TimerEvent: {}
[12.110944] (-) TimerEvent: {}
[12.212618] (-) TimerEvent: {}
[12.314146] (-) TimerEvent: {}
[12.417741] (-) TimerEvent: {}
[12.520083] (-) TimerEvent: {}
[12.627340] (-) TimerEvent: {}
[12.737053] (-) TimerEvent: {}
[12.838961] (-) TimerEvent: {}
[12.940445] (-) TimerEvent: {}
[13.045425] (-) TimerEvent: {}
[13.147736] (-) TimerEvent: {}
[13.251042] (-) TimerEvent: {}
[13.355032] (-) TimerEvent: {}
[13.463501] (-) TimerEvent: {}
[13.575271] (-) TimerEvent: {}
[13.680187] (-) TimerEvent: {}
[13.785660] (-) TimerEvent: {}
[13.887541] (-) TimerEvent: {}
[13.994948] (-) TimerEvent: {}
[14.096520] (-) TimerEvent: {}
[14.199224] (-) TimerEvent: {}
[14.302207] (-) TimerEvent: {}
[14.403882] (-) TimerEvent: {}
[14.505376] (-) TimerEvent: {}
[14.610100] (-) TimerEvent: {}
[14.712253] (-) TimerEvent: {}
[14.814252] (-) TimerEvent: {}
[14.915722] (-) TimerEvent: {}
[15.017246] (-) TimerEvent: {}
[15.118847] (-) TimerEvent: {}
[15.220544] (-) TimerEvent: {}
[15.322048] (-) TimerEvent: {}
[15.427041] (-) TimerEvent: {}
[15.528858] (-) TimerEvent: {}
[15.640635] (-) TimerEvent: {}
[15.742098] (-) TimerEvent: {}
[15.851226] (-) TimerEvent: {}
[15.959106] (-) TimerEvent: {}
[16.061093] (-) TimerEvent: {}
[16.163347] (-) TimerEvent: {}
[16.264929] (-) TimerEvent: {}
[16.370950] (-) TimerEvent: {}
[16.472645] (-) TimerEvent: {}
[16.578945] (-) TimerEvent: {}
[16.682211] (-) TimerEvent: {}
[16.784070] (-) TimerEvent: {}
[16.886522] (-) TimerEvent: {}
[16.992506] (-) TimerEvent: {}
[17.100673] (-) TimerEvent: {}
[17.205303] (-) TimerEvent: {}
[17.306820] (-) TimerEvent: {}
[17.408304] (-) TimerEvent: {}
[17.509814] (-) TimerEvent: {}
[17.612474] (-) TimerEvent: {}
[17.694105] (path_planning) Command: {'cmd': ['/usr/bin/python3', '-W', 'ignore:setup.py install is deprecated', '-W', 'ignore:easy_install command is deprecated', 'setup.py', 'develop', '--editable', '--build-directory', '/home/racecar/racecar_ws/src/racecar/lab6/build/path_planning/build', '--no-deps', 'symlink_data'], 'cwd': '/home/racecar/racecar_ws/src/racecar/lab6/build/path_planning', 'env': {'PYTHONIOENCODING': 'utf-8', 'HOSTNAME': '3ed8ec340ea5', 'SHLVL': '1', 'LD_LIBRARY_PATH': '/home/racecar/racecar_ws/install/custom_msgs/lib:/opt/ros/humble/opt/rviz_ogre_vendor/lib:/opt/ros/humble/lib/aarch64-linux-gnu:/opt/ros/humble/lib', 'HOME': '/home/racecar', 'OLDPWD': '/home/racecar/racecar_ws/src/racecar/lab6/path_planning', 'ROS_PYTHON_VERSION': '3', 'COLCON_PREFIX_PATH': '/home/sim_ws/install:/home/racecar/racecar_ws/install', 'ROS_DISTRO': 'humble', '_': '/usr/bin/colcon', 'ROS_VERSION': '2', 'TERM': 'xterm', 'ROS_LOCALHOST_ONLY': '0', 'PATH': '/opt/ros/humble/bin:/usr/local/sbin:/usr/local/bin:/usr/sbin:/usr/bin:/sbin:/bin', 'LANG': 'en_US.UTF-8', 'AMENT_PREFIX_PATH': '/home/sim_ws/install/racecar_simulator:/home/racecar/racecar_ws/install/wall_follower:/home/racecar/racecar_ws/install/ros_exercises:/home/racecar/racecar_ws/install/py_pubsub:/home/racecar/racecar_ws/install/custom_msgs:/home/racecar/racecar_ws/install/1c_test:/opt/ros/humble', 'SIM_WS': '/home/sim_ws', 'PWD': '/home/racecar/racecar_ws/src/racecar/lab6/build/path_planning', 'PYTHONPATH': '/home/racecar/racecar_ws/src/racecar/lab6/build/path_planning/prefix_override:/usr/lib/python3/dist-packages/colcon_core/task/python/colcon_distutils_commands:/home/racecar/racecar_ws/src/racecar/lab6/install/path_planning/lib/python3.10/site-packages:/home/racecar/racecar_ws/build/wall_follower:/home/racecar/racecar_ws/install/wall_follower/lib/python3.10/site-packages:/home/racecar/racecar_ws/build/ros_exercises:/home/racecar/racecar_ws/install/ros_exercises/lib/python3.10/site-packages:/home/racecar/racecar_ws/build/py_pubsub:/home/racecar/racecar_ws/install/py_pubsub/lib/python3.10/site-packages:/home/racecar/racecar_ws/install/custom_msgs/local/lib/python3.10/dist-packages:/home/racecar/racecar_ws/build/1c_test:/home/racecar/racecar_ws/install/1c_test/lib/python3.10/site-packages:/opt/ros/humble/lib/python3.10/site-packages:/opt/ros/humble/local/lib/python3.10/dist-packages', 'NO_VNC_VERSION': '1.4.0', 'COLCON': '1', 'CMAKE_PREFIX_PATH': '/home/sim_ws/install/racecar_simulator:/home/racecar/racecar_ws/install/custom_msgs'}, 'shell': False}
[17.717203] (-) TimerEvent: {}
[17.825172] (-) TimerEvent: {}
[17.935615] (-) TimerEvent: {}
[18.037395] (-) TimerEvent: {}
[18.145056] (-) TimerEvent: {}
[18.247013] (-) TimerEvent: {}
[18.348658] (-) TimerEvent: {}
[18.451176] (-) TimerEvent: {}
[18.553264] (-) TimerEvent: {}
[18.655601] (-) TimerEvent: {}
[18.758445] (-) TimerEvent: {}
[18.871842] (-) TimerEvent: {}
[18.973723] (-) TimerEvent: {}
[19.076195] (-) TimerEvent: {}
[19.183100] (-) TimerEvent: {}
[19.293322] (-) TimerEvent: {}
[19.395089] (-) TimerEvent: {}
[19.496853] (-) TimerEvent: {}
[19.598362] (-) TimerEvent: {}
[19.699832] (-) TimerEvent: {}
[19.804052] (-) TimerEvent: {}
[19.905556] (-) TimerEvent: {}
[20.007250] (-) TimerEvent: {}
[20.111186] (-) TimerEvent: {}
[20.216886] (-) TimerEvent: {}
[20.326372] (-) TimerEvent: {}
[20.427985] (-) TimerEvent: {}
[20.531584] (-) TimerEvent: {}
[20.640853] (-) TimerEvent: {}
[20.749191] (-) TimerEvent: {}
[20.860070] (-) TimerEvent: {}
[20.962949] (-) TimerEvent: {}
[21.074860] (-) TimerEvent: {}
[21.186954] (-) TimerEvent: {}
[21.300319] (-) TimerEvent: {}
[21.403668] (-) TimerEvent: {}
[21.505304] (-) TimerEvent: {}
[21.614052] (-) TimerEvent: {}
[21.715691] (-) TimerEvent: {}
[21.817181] (-) TimerEvent: {}
[21.925577] (-) TimerEvent: {}
[22.030952] (-) TimerEvent: {}
[22.132355] (-) TimerEvent: {}
[22.233867] (-) TimerEvent: {}
[22.335425] (-) TimerEvent: {}
[22.454962] (-) TimerEvent: {}
[22.556469] (-) TimerEvent: {}
[22.668025] (-) TimerEvent: {}
[22.769975] (-) TimerEvent: {}
[22.880083] (-) TimerEvent: {}
[22.984147] (-) TimerEvent: {}
[23.091860] (-) TimerEvent: {}
[23.196288] (-) TimerEvent: {}
[23.300262] (-) TimerEvent: {}
[23.401746] (-) TimerEvent: {}
[23.509273] (-) TimerEvent: {}
[23.612970] (-) TimerEvent: {}
[23.715354] (-) TimerEvent: {}
[23.817392] (-) TimerEvent: {}
[23.926681] (-) TimerEvent: {}
[24.034970] (-) TimerEvent: {}
[24.136347] (-) TimerEvent: {}
[24.237872] (-) TimerEvent: {}
[24.340052] (-) TimerEvent: {}
[24.442923] (-) TimerEvent: {}
[24.546955] (-) TimerEvent: {}
[24.656020] (-) TimerEvent: {}
[24.757885] (-) TimerEvent: {}
[24.863132] (-) TimerEvent: {}
[24.966444] (-) TimerEvent: {}
[25.071196] (-) TimerEvent: {}
[25.176394] (-) TimerEvent: {}
[25.287142] (-) TimerEvent: {}
[25.389151] (-) TimerEvent: {}
[25.490642] (-) TimerEvent: {}
[25.512344] (path_planning) StderrLine: {'line': b"/usr/lib/python3/dist-packages/setuptools/dist.py:723: UserWarning: Usage of dash-separated 'script-dir' will not be supported in future versions. Please use the underscore name 'script_dir' instead\n"}
[25.515209] (path_planning) StderrLine: {'line': b'  warnings.warn(\n'}
[25.591130] (-) TimerEvent: {}
[25.697321] (-) TimerEvent: {}
[25.803106] (-) TimerEvent: {}
[25.910966] (-) TimerEvent: {}
[26.017634] (-) TimerEvent: {}
[26.126572] (-) TimerEvent: {}
[26.228550] (-) TimerEvent: {}
[26.302961] (path_planning) StdoutLine: {'line': b'running develop\n'}
[26.328886] (-) TimerEvent: {}
[26.430342] (-) TimerEvent: {}
[26.531907] (-) TimerEvent: {}
[26.634031] (-) TimerEvent: {}
[26.743727] (-) TimerEvent: {}
[26.852831] (-) TimerEvent: {}
[26.960245] (-) TimerEvent: {}
[27.061773] (-) TimerEvent: {}
[27.167089] (-) TimerEvent: {}
[27.269495] (-) TimerEvent: {}
[27.375770] (-) TimerEvent: {}
[27.484558] (-) TimerEvent: {}
[27.589415] (-) TimerEvent: {}
[27.695094] (-) TimerEvent: {}
[27.803914] (-) TimerEvent: {}
[27.905329] (-) TimerEvent: {}
[28.015094] (-) TimerEvent: {}
[28.122047] (-) TimerEvent: {}
[28.223459] (-) TimerEvent: {}
[28.324834] (-) TimerEvent: {}
[28.431108] (-) TimerEvent: {}
[28.535785] (-) TimerEvent: {}
[28.639764] (-) TimerEvent: {}
[28.741642] (-) TimerEvent: {}
[28.845479] (-) TimerEvent: {}
[28.951609] (-) TimerEvent: {}
[29.053199] (-) TimerEvent: {}
[29.163446] (-) TimerEvent: {}
[29.264860] (-) TimerEvent: {}
[29.366340] (-) TimerEvent: {}
[29.468094] (-) TimerEvent: {}
[29.576457] (-) TimerEvent: {}
[29.682945] (-) TimerEvent: {}
[29.699509] (path_planning) StdoutLine: {'line': b'running egg_info\n'}
[29.709850] (path_planning) StdoutLine: {'line': b'writing path_planning.egg-info/PKG-INFO\n'}
[29.717873] (path_planning) StdoutLine: {'line': b'writing dependency_links to path_planning.egg-info/dependency_links.txt\n'}
[29.724826] (path_planning) StdoutLine: {'line': b'writing entry points to path_planning.egg-info/entry_points.txt\n'}
[29.731318] (path_planning) StdoutLine: {'line': b'writing requirements to path_planning.egg-info/requires.txt\n'}
[29.735837] (path_planning) StdoutLine: {'line': b'writing top-level names to path_planning.egg-info/top_level.txt\n'}
[29.783307] (-) TimerEvent: {}
[29.884777] (-) TimerEvent: {}
[29.986513] (-) TimerEvent: {}
[29.991808] (path_planning) StdoutLine: {'line': b"reading manifest file 'path_planning.egg-info/SOURCES.txt'\n"}
[30.087622] (-) TimerEvent: {}
[30.193414] (-) TimerEvent: {}
[30.230426] (path_planning) StdoutLine: {'line': b"writing manifest file 'path_planning.egg-info/SOURCES.txt'\n"}
[30.295134] (-) TimerEvent: {}
[30.401017] (-) TimerEvent: {}
[30.504047] (-) TimerEvent: {}
[30.605923] (-) TimerEvent: {}
[30.707510] (-) TimerEvent: {}
[30.815100] (-) TimerEvent: {}
[30.917132] (-) TimerEvent: {}
[31.004406] (path_planning) StdoutLine: {'line': b'running build_ext\n'}
[31.006573] (path_planning) StdoutLine: {'line': b'Creating /home/racecar/racecar_ws/src/racecar/lab6/install/path_planning/lib/python3.10/site-packages/path-planning.egg-link (link to .)\n'}
[31.017295] (-) TimerEvent: {}
[31.091880] (path_planning) StdoutLine: {'line': b'Installing trajectory_builder script to /home/racecar/racecar_ws/src/racecar/lab6/install/path_planning/lib/path_planning\n'}
[31.117680] (-) TimerEvent: {}
[31.126785] (path_planning) StdoutLine: {'line': b'Installing trajectory_follower script to /home/racecar/racecar_ws/src/racecar/lab6/install/path_planning/lib/path_planning\n'}
[31.168399] (path_planning) StdoutLine: {'line': b'Installing trajectory_loader script to /home/racecar/racecar_ws/src/racecar/lab6/install/path_planning/lib/path_planning\n'}
[31.216305] (path_planning) StdoutLine: {'line': b'Installing trajectory_planner script to /home/racecar/racecar_ws/src/racecar/lab6/install/path_planning/lib/path_planning\n'}
[31.218179] (-) TimerEvent: {}
[31.261795] (path_planning) StdoutLine: {'line': b'\n'}
[31.263446] (path_planning) StdoutLine: {'line': b'Installed /home/racecar/racecar_ws/src/racecar/lab6/build/path_planning\n'}
[31.275458] (path_planning) StdoutLine: {'line': b'running symlink_data\n'}
[31.320515] (-) TimerEvent: {}
[31.427408] (-) TimerEvent: {}
[31.529970] (-) TimerEvent: {}
[31.637070] (-) TimerEvent: {}
[31.742973] (-) TimerEvent: {}
[31.845114] (-) TimerEvent: {}
[31.952127] (-) TimerEvent: {}
[32.059927] (-) TimerEvent: {}
[32.087741] (path_planning) CommandEnded: {'returncode': 0}
[32.160298] (-) TimerEvent: {}
[32.262994] (-) TimerEvent: {}
[32.368382] (-) TimerEvent: {}
[32.470673] (-) TimerEvent: {}
[32.572684] (-) TimerEvent: {}
[32.674634] (-) TimerEvent: {}
[32.779074] (-) TimerEvent: {}
[32.880583] (-) TimerEvent: {}
[32.982077] (-) TimerEvent: {}
[33.086844] (-) TimerEvent: {}
[33.191909] (-) TimerEvent: {}
[33.294984] (-) TimerEvent: {}
[33.396816] (-) TimerEvent: {}
[33.430400] (path_planning) JobEnded: {'identifier': 'path_planning', 'rc': 0}
[33.445778] (-) EventReactorShutdown: {}
