[0.000000] (-) TimerEvent: {}
[0.012242] (path_planning) JobQueued: {'identifier': 'path_planning', 'dependencies': OrderedDict()}
[0.016117] (path_planning) JobStarted: {'identifier': 'path_planning'}
[0.093597] (-) TimerEvent: {}
[0.201392] (-) TimerEvent: {}
[0.303212] (-) TimerEvent: {}
[0.405103] (-) TimerEvent: {}
[0.507165] (-) TimerEvent: {}
[0.615684] (-) TimerEvent: {}
[0.718032] (-) TimerEvent: {}
[0.820128] (-) TimerEvent: {}
[0.922656] (-) TimerEvent: {}
[1.031312] (-) TimerEvent: {}
[1.133958] (-) TimerEvent: {}
[1.236255] (-) TimerEvent: {}
[1.339918] (-) TimerEvent: {}
[1.445533] (-) TimerEvent: {}
[1.550513] (-) TimerEvent: {}
[1.652852] (-) TimerEvent: {}
[1.755676] (-) TimerEvent: {}
[1.863854] (-) TimerEvent: {}
[1.966304] (-) TimerEvent: {}
[2.068480] (-) TimerEvent: {}
[2.171026] (-) TimerEvent: {}
[2.277473] (-) TimerEvent: {}
[2.380329] (-) TimerEvent: {}
[2.482366] (-) TimerEvent: {}
[2.584655] (-) TimerEvent: {}
[2.690243] (-) TimerEvent: {}
[2.797233] (-) TimerEvent: {}
[2.899260] (-) TimerEvent: {}
[3.001256] (-) TimerEvent: {}
[3.109808] (-) TimerEvent: {}
[3.213746] (-) TimerEvent: {}
[3.315823] (-) TimerEvent: {}
[3.417939] (-) TimerEvent: {}
[3.528234] (-) TimerEvent: {}
[3.630118] (-) TimerEvent: {}
[3.732078] (-) TimerEvent: {}
[3.834127] (-) TimerEvent: {}
[3.941267] (-) TimerEvent: {}
[4.045623] (-) TimerEvent: {}
[4.147547] (-) TimerEvent: {}
[4.249884] (-) TimerEvent: {}
[4.358249] (-) TimerEvent: {}
[4.462447] (-) TimerEvent: {}
[4.564614] (-) TimerEvent: {}
[4.667825] (-) TimerEvent: {}
[4.773480] (-) TimerEvent: {}
[4.878874] (-) TimerEvent: {}
[4.980833] (-) TimerEvent: {}
[5.084671] (-) TimerEvent: {}
[5.189504] (-) TimerEvent: {}
[5.292403] (-) TimerEvent: {}
[5.394524] (-) TimerEvent: {}
[5.496720] (-) TimerEvent: {}
[5.599256] (-) TimerEvent: {}
[5.709999] (-) TimerEvent: {}
[5.812402] (-) TimerEvent: {}
[5.915734] (-) TimerEvent: {}
[6.024540] (-) TimerEvent: {}
[6.127640] (-) TimerEvent: {}
[6.230106] (-) TimerEvent: {}
[6.332686] (-) TimerEvent: {}
[6.437398] (-) TimerEvent: {}
[6.543057] (-) TimerEvent: {}
[6.645698] (-) TimerEvent: {}
[6.748784] (-) TimerEvent: {}
[6.850913] (-) TimerEvent: {}
[6.957745] (-) TimerEvent: {}
[7.059508] (-) TimerEvent: {}
[7.161858] (-) TimerEvent: {}
[7.269238] (-) TimerEvent: {}
[7.372338] (-) TimerEvent: {}
[7.474219] (-) TimerEvent: {}
[7.576193] (-) TimerEvent: {}
[7.678331] (-) TimerEvent: {}
[7.785464] (-) TimerEvent: {}
[7.887467] (-) TimerEvent: {}
[7.989575] (-) TimerEvent: {}
[8.092879] (-) TimerEvent: {}
[8.199771] (-) TimerEvent: {}
[8.301953] (-) TimerEvent: {}
[8.403629] (-) TimerEvent: {}
[8.505428] (-) TimerEvent: {}
[8.613630] (-) TimerEvent: {}
[8.716814] (-) TimerEvent: {}
[8.818945] (-) TimerEvent: {}
[8.920923] (-) TimerEvent: {}
[9.029321] (-) TimerEvent: {}
[9.133063] (-) TimerEvent: {}
[9.235220] (-) TimerEvent: {}
[9.340421] (-) TimerEvent: {}
[9.445152] (-) TimerEvent: {}
[9.547202] (-) TimerEvent: {}
[9.648967] (-) TimerEvent: {}
[9.751134] (-) TimerEvent: {}
[9.853265] (-) TimerEvent: {}
[9.955696] (-) TimerEvent: {}
[10.062784] (-) TimerEvent: {}
[10.164811] (-) TimerEvent: {}
[10.267191] (-) TimerEvent: {}
[10.373238] (-) TimerEvent: {}
[10.476669] (-) TimerEvent: {}
[10.578789] (-) TimerEvent: {}
[10.680848] (-) TimerEvent: {}
[10.784536] (-) TimerEvent: {}
[10.895111] (-) TimerEvent: {}
[10.997193] (-) TimerEvent: {}
[11.100995] (-) TimerEvent: {}
[11.208783] (-) TimerEvent: {}
[11.311088] (-) TimerEvent: {}
[11.413608] (-) TimerEvent: {}
[11.515682] (-) TimerEvent: {}
[11.624873] (-) TimerEvent: {}
[11.727036] (-) TimerEvent: {}
[11.828972] (-) TimerEvent: {}
[11.931479] (-) TimerEvent: {}
[12.037266] (-) TimerEvent: {}
[12.141170] (-) TimerEvent: {}
[12.243160] (-) TimerEvent: {}
[12.345135] (-) TimerEvent: {}
[12.453233] (-) TimerEvent: {}
[12.555930] (-) TimerEvent: {}
[12.657962] (-) TimerEvent: {}
[12.760146] (-) TimerEvent: {}
[12.862751] (-) TimerEvent: {}
[12.971810] (-) TimerEvent: {}
[13.073909] (-) TimerEvent: {}
[13.175990] (-) TimerEvent: {}
[13.277993] (-) TimerEvent: {}
[13.387055] (-) TimerEvent: {}
[13.489386] (-) TimerEvent: {}
[13.591444] (-) TimerEvent: {}
[13.693502] (-) TimerEvent: {}
[13.797243] (-) TimerEvent: {}
[13.899384] (-) TimerEvent: {}
[14.001205] (-) TimerEvent: {}
[14.104219] (-) TimerEvent: {}
[14.213121] (-) TimerEvent: {}
[14.319365] (-) TimerEvent: {}
[14.421463] (-) TimerEvent: {}
[14.523449] (-) TimerEvent: {}
[14.631469] (-) TimerEvent: {}
[14.733431] (-) TimerEvent: {}
[14.835443] (-) TimerEvent: {}
[14.937981] (-) TimerEvent: {}
[15.050086] (-) TimerEvent: {}
[15.152069] (-) TimerEvent: {}
[15.254124] (-) TimerEvent: {}
[15.356456] (-) TimerEvent: {}
[15.461541] (-) TimerEvent: {}
[15.564846] (-) TimerEvent: {}
[15.666715] (-) TimerEvent: {}
[15.768529] (-) TimerEvent: {}
[15.875708] (-) TimerEvent: {}
[15.977867] (-) TimerEvent: {}
[16.079949] (-) TimerEvent: {}
[16.182117] (-) TimerEvent: {}
[16.284046] (-) TimerEvent: {}
[16.389488] (-) TimerEvent: {}
[16.495060] (-) TimerEvent: {}
[16.597176] (-) TimerEvent: {}
[16.699604] (-) TimerEvent: {}
[16.805578] (-) TimerEvent: {}
[16.911256] (-) TimerEvent: {}
[17.013218] (-) TimerEvent: {}
[17.115853] (-) TimerEvent: {}
[17.221518] (-) TimerEvent: {}
[17.327410] (-) TimerEvent: {}
[17.429632] (-) TimerEvent: {}
[17.532306] (-) TimerEvent: {}
[17.639173] (-) TimerEvent: {}
[17.741290] (-) TimerEvent: {}
[17.843470] (-) TimerEvent: {}
[17.945570] (-) TimerEvent: {}
[18.048230] (-) TimerEvent: {}
[18.158775] (-) TimerEvent: {}
[18.261070] (-) TimerEvent: {}
[18.363572] (-) TimerEvent: {}
[18.469540] (-) TimerEvent: {}
[18.572396] (-) TimerEvent: {}
[18.674485] (-) TimerEvent: {}
[18.776545] (-) TimerEvent: {}
[18.879496] (-) TimerEvent: {}
[18.989615] (-) TimerEvent: {}
[19.091720] (-) TimerEvent: {}
[19.193910] (-) TimerEvent: {}
[19.301499] (-) TimerEvent: {}
[19.404656] (-) TimerEvent: {}
[19.506484] (-) TimerEvent: {}
[19.608254] (-) TimerEvent: {}
[19.710374] (-) TimerEvent: {}
[19.816429] (-) TimerEvent: {}
[19.918760] (-) TimerEvent: {}
[19.984811] (path_planning) Command: {'cmd': ['/usr/bin/python3', '-W', 'ignore:setup.py install is deprecated', '-W', 'ignore:easy_install command is deprecated', 'setup.py', 'develop', '--editable', '--build-directory', '/home/racecar/racecar_ws/src/racecar/lab6/build/path_planning/build', '--no-deps', 'symlink_data'], 'cwd': '/home/racecar/racecar_ws/src/racecar/lab6/build/path_planning', 'env': {'PYTHONIOENCODING': 'utf-8', 'HOSTNAME': '3ed8ec340ea5', 'SHLVL': '1', 'LD_LIBRARY_PATH': '/home/racecar/racecar_ws/install/custom_msgs/lib:/opt/ros/humble/opt/rviz_ogre_vendor/lib:/opt/ros/humble/lib/aarch64-linux-gnu:/opt/ros/humble/lib', 'HOME': '/home/racecar', 'OLDPWD': '/home/racecar/racecar_ws/src/racecar/lab6/path_planning', 'ROS_PYTHON_VERSION': '3', 'COLCON_PREFIX_PATH': '/home/racecar/racecar_ws/src/racecar/lab6/install:/home/sim_ws/install:/home/racecar/racecar_ws/install', 'ROS_DISTRO': 'humble', '_': '/usr/bin/colcon', 'ROS_VERSION': '2', 'TERM': 'xterm', 'ROS_LOCALHOST_ONLY': '0', 'PATH': '/opt/ros/humble/bin:/usr/local/sbin:/usr/local/bin:/usr/sbin:/usr/bin:/sbin:/bin', 'LANG': 'en_US.UTF-8', 'AMENT_PREFIX_PATH': '/home/racecar/racecar_ws/src/racecar/lab6/install/path_planning:/home/sim_ws/install/racecar_simulator:/home/racecar/racecar_ws/install/wall_follower:/home/racecar/racecar_ws/install/ros_exercises:/home/racecar/racecar_ws/install/py_pubsub:/home/racecar/racecar_ws/install/custom_msgs:/home/racecar/racecar_ws/install/1c_test:/opt/ros/humble', 'SIM_WS': '/home/sim_ws', 'PWD': '/home/racecar/racecar_ws/src/racecar/lab6/build/path_planning', 'PYTHONPATH': '/home/racecar/racecar_ws/src/racecar/lab6/build/path_planning/prefix_override:/usr/lib/python3/dist-packages/colcon_core/task/python/colcon_distutils_commands:/home/racecar/racecar_ws/src/racecar/lab6/install/path_planning/lib/python3.10/site-packages:/home/racecar/racecar_ws/src/racecar/lab6/build/path_planning:/home/racecar/racecar_ws/src/racecar/lab6/install/path_planning/lib/python3.10/site-packages:/home/racecar/racecar_ws/build/wall_follower:/home/racecar/racecar_ws/install/wall_follower/lib/python3.10/site-packages:/home/racecar/racecar_ws/build/ros_exercises:/home/racecar/racecar_ws/install/ros_exercises/lib/python3.10/site-packages:/home/racecar/racecar_ws/build/py_pubsub:/home/racecar/racecar_ws/install/py_pubsub/lib/python3.10/site-packages:/home/racecar/racecar_ws/install/custom_msgs/local/lib/python3.10/dist-packages:/home/racecar/racecar_ws/build/1c_test:/home/racecar/racecar_ws/install/1c_test/lib/python3.10/site-packages:/opt/ros/humble/lib/python3.10/site-packages:/opt/ros/humble/local/lib/python3.10/dist-packages', 'NO_VNC_VERSION': '1.4.0', 'COLCON': '1', 'CMAKE_PREFIX_PATH': '/home/sim_ws/install/racecar_simulator:/home/racecar/racecar_ws/install/custom_msgs'}, 'shell': False}
[20.020923] (-) TimerEvent: {}
[20.124223] (-) TimerEvent: {}
[20.229245] (-) TimerEvent: {}
[20.334529] (-) TimerEvent: {}
[20.436958] (-) TimerEvent: {}
[20.539743] (-) TimerEvent: {}
[20.647366] (-) TimerEvent: {}
[20.750003] (-) TimerEvent: {}
[20.851911] (-) TimerEvent: {}
[20.955252] (-) TimerEvent: {}
[21.059304] (-) TimerEvent: {}
[21.166238] (-) TimerEvent: {}
[21.268346] (-) TimerEvent: {}
[21.371682] (-) TimerEvent: {}
[21.477477] (-) TimerEvent: {}
[21.580276] (-) TimerEvent: {}
[21.682776] (-) TimerEvent: {}
[21.784850] (-) TimerEvent: {}
[21.887032] (-) TimerEvent: {}
[21.997190] (-) TimerEvent: {}
[22.099179] (-) TimerEvent: {}
[22.201293] (-) TimerEvent: {}
[22.310568] (-) TimerEvent: {}
[22.413189] (-) TimerEvent: {}
[22.515385] (-) TimerEvent: {}
[22.618664] (-) TimerEvent: {}
[22.721770] (-) TimerEvent: {}
[22.828866] (-) TimerEvent: {}
[22.930980] (-) TimerEvent: {}
[23.033115] (-) TimerEvent: {}
[23.137926] (-) TimerEvent: {}
[23.244041] (-) TimerEvent: {}
[23.346160] (-) TimerEvent: {}
[23.448230] (-) TimerEvent: {}
[23.550508] (-) TimerEvent: {}
[23.654565] (-) TimerEvent: {}
[23.756813] (-) TimerEvent: {}
[23.859178] (-) TimerEvent: {}
[23.961377] (-) TimerEvent: {}
[24.069486] (-) TimerEvent: {}
[24.174399] (-) TimerEvent: {}
[24.276523] (-) TimerEvent: {}
[24.379626] (-) TimerEvent: {}
[24.485615] (-) TimerEvent: {}
[24.589224] (-) TimerEvent: {}
[24.691685] (-) TimerEvent: {}
[24.794488] (-) TimerEvent: {}
[24.901490] (-) TimerEvent: {}
[25.006702] (-) TimerEvent: {}
[25.108772] (-) TimerEvent: {}
[25.211859] (-) TimerEvent: {}
[25.317499] (-) TimerEvent: {}
[25.423634] (-) TimerEvent: {}
[25.525781] (-) TimerEvent: {}
[25.630940] (-) TimerEvent: {}
[25.736785] (-) TimerEvent: {}
[25.839333] (-) TimerEvent: {}
[25.941346] (-) TimerEvent: {}
[26.043816] (-) TimerEvent: {}
[26.149881] (-) TimerEvent: {}
[26.251810] (-) TimerEvent: {}
[26.353775] (-) TimerEvent: {}
[26.456132] (-) TimerEvent: {}
[26.558710] (-) TimerEvent: {}
[26.661487] (-) TimerEvent: {}
[26.766474] (-) TimerEvent: {}
[26.868555] (-) TimerEvent: {}
[26.971556] (-) TimerEvent: {}
[27.081133] (-) TimerEvent: {}
[27.182989] (-) TimerEvent: {}
[27.285068] (-) TimerEvent: {}
[27.388531] (-) TimerEvent: {}
[27.406363] (path_planning) StderrLine: {'line': b"/usr/lib/python3/dist-packages/setuptools/dist.py:723: UserWarning: Usage of dash-separated 'script-dir' will not be supported in future versions. Please use the underscore name 'script_dir' instead\n"}
[27.410098] (path_planning) StderrLine: {'line': b'  warnings.warn(\n'}
[27.493230] (-) TimerEvent: {}
[27.597152] (-) TimerEvent: {}
[27.699622] (-) TimerEvent: {}
[27.802148] (-) TimerEvent: {}
[27.909509] (-) TimerEvent: {}
[28.012158] (-) TimerEvent: {}
[28.114212] (-) TimerEvent: {}
[28.209359] (path_planning) StdoutLine: {'line': b'running develop\n'}
[28.214402] (-) TimerEvent: {}
[28.316422] (-) TimerEvent: {}
[28.421232] (-) TimerEvent: {}
[28.525662] (-) TimerEvent: {}
[28.627717] (-) TimerEvent: {}
[28.730564] (-) TimerEvent: {}
[28.837907] (-) TimerEvent: {}
[28.941820] (-) TimerEvent: {}
[29.043771] (-) TimerEvent: {}
[29.145814] (-) TimerEvent: {}
[29.253492] (-) TimerEvent: {}
[29.356572] (-) TimerEvent: {}
[29.458876] (-) TimerEvent: {}
[29.560817] (-) TimerEvent: {}
[29.666754] (-) TimerEvent: {}
[29.773855] (-) TimerEvent: {}
[29.875799] (-) TimerEvent: {}
[29.977993] (-) TimerEvent: {}
[30.086395] (-) TimerEvent: {}
[30.188328] (-) TimerEvent: {}
[30.290559] (-) TimerEvent: {}
[30.392564] (-) TimerEvent: {}
[30.494861] (-) TimerEvent: {}
[30.607410] (-) TimerEvent: {}
[30.709605] (-) TimerEvent: {}
[30.812073] (-) TimerEvent: {}
[30.917510] (-) TimerEvent: {}
[31.020146] (-) TimerEvent: {}
[31.122207] (-) TimerEvent: {}
[31.224427] (-) TimerEvent: {}
[31.333466] (-) TimerEvent: {}
[31.436129] (-) TimerEvent: {}
[31.538013] (-) TimerEvent: {}
[31.640487] (-) TimerEvent: {}
[31.744089] (-) TimerEvent: {}
[31.828496] (path_planning) StdoutLine: {'line': b'running egg_info\n'}
[31.832045] (path_planning) StdoutLine: {'line': b'writing path_planning.egg-info/PKG-INFO\n'}
[31.848902] (-) TimerEvent: {}
[31.856402] (path_planning) StdoutLine: {'line': b'writing dependency_links to path_planning.egg-info/dependency_links.txt\n'}
[31.866106] (path_planning) StdoutLine: {'line': b'writing entry points to path_planning.egg-info/entry_points.txt\n'}
[31.884494] (path_planning) StdoutLine: {'line': b'writing requirements to path_planning.egg-info/requires.txt\n'}
[31.889353] (path_planning) StdoutLine: {'line': b'writing top-level names to path_planning.egg-info/top_level.txt\n'}
[31.949345] (-) TimerEvent: {}
[32.051427] (-) TimerEvent: {}
[32.126896] (path_planning) StdoutLine: {'line': b"reading manifest file 'path_planning.egg-info/SOURCES.txt'\n"}
[32.151874] (-) TimerEvent: {}
[32.253908] (-) TimerEvent: {}
[32.360685] (-) TimerEvent: {}
[32.424844] (path_planning) StdoutLine: {'line': b"writing manifest file 'path_planning.egg-info/SOURCES.txt'\n"}
[32.461237] (-) TimerEvent: {}
[32.563193] (-) TimerEvent: {}
[32.665530] (-) TimerEvent: {}
[32.771944] (-) TimerEvent: {}
[32.877079] (-) TimerEvent: {}
[32.979216] (-) TimerEvent: {}
[33.082712] (-) TimerEvent: {}
[33.186440] (-) TimerEvent: {}
[33.203701] (path_planning) StdoutLine: {'line': b'running build_ext\n'}
[33.206860] (path_planning) StdoutLine: {'line': b'Creating /home/racecar/racecar_ws/src/racecar/lab6/install/path_planning/lib/python3.10/site-packages/path-planning.egg-link (link to .)\n'}
[33.287899] (-) TimerEvent: {}
[33.291527] (path_planning) StdoutLine: {'line': b'Installing trajectory_builder script to /home/racecar/racecar_ws/src/racecar/lab6/install/path_planning/lib/path_planning\n'}
[33.339413] (path_planning) StdoutLine: {'line': b'Installing trajectory_follower script to /home/racecar/racecar_ws/src/racecar/lab6/install/path_planning/lib/path_planning\n'}
[33.388377] (-) TimerEvent: {}
[33.390367] (path_planning) StdoutLine: {'line': b'Installing trajectory_loader script to /home/racecar/racecar_ws/src/racecar/lab6/install/path_planning/lib/path_planning\n'}
[33.453770] (path_planning) StdoutLine: {'line': b'Installing trajectory_planner script to /home/racecar/racecar_ws/src/racecar/lab6/install/path_planning/lib/path_planning\n'}
[33.488886] (-) TimerEvent: {}
[33.504957] (path_planning) StdoutLine: {'line': b'\n'}
[33.516917] (path_planning) StdoutLine: {'line': b'Installed /home/racecar/racecar_ws/src/racecar/lab6/build/path_planning\n'}
[33.522028] (path_planning) StdoutLine: {'line': b'running symlink_data\n'}
[33.589422] (-) TimerEvent: {}
[33.691877] (-) TimerEvent: {}
[33.799497] (-) TimerEvent: {}
[33.901706] (-) TimerEvent: {}
[34.003728] (-) TimerEvent: {}
[34.106053] (-) TimerEvent: {}
[34.213628] (-) TimerEvent: {}
[34.315947] (-) TimerEvent: {}
[34.327258] (path_planning) CommandEnded: {'returncode': 0}
[34.416352] (-) TimerEvent: {}
[34.518266] (-) TimerEvent: {}
[34.629081] (-) TimerEvent: {}
[34.731296] (-) TimerEvent: {}
[34.833057] (-) TimerEvent: {}
[34.941618] (-) TimerEvent: {}
[35.048276] (-) TimerEvent: {}
[35.150523] (-) TimerEvent: {}
[35.255939] (-) TimerEvent: {}
[35.358595] (-) TimerEvent: {}
[35.463498] (-) TimerEvent: {}
[35.566040] (-) TimerEvent: {}
[35.667949] (-) TimerEvent: {}
[35.770763] (-) TimerEvent: {}
[35.800476] (path_planning) JobEnded: {'identifier': 'path_planning', 'rc': 0}
[35.828561] (-) EventReactorShutdown: {}
