[0.000000] (-) TimerEvent: {}
[0.012920] (path_planning) JobQueued: {'identifier': 'path_planning', 'dependencies': OrderedDict()}
[0.020608] (path_planning) JobStarted: {'identifier': 'path_planning'}
[0.076573] (-) TimerEvent: {}
[0.188599] (-) TimerEvent: {}
[0.292105] (-) TimerEvent: {}
[0.401100] (-) TimerEvent: {}
[0.507483] (-) TimerEvent: {}
[0.612740] (-) TimerEvent: {}
[0.715527] (-) TimerEvent: {}
[0.832119] (-) TimerEvent: {}
[0.941103] (-) TimerEvent: {}
[1.044216] (-) TimerEvent: {}
[1.146283] (-) TimerEvent: {}
[1.254459] (-) TimerEvent: {}
[1.361889] (-) TimerEvent: {}
[1.468874] (-) TimerEvent: {}
[1.579227] (-) TimerEvent: {}
[1.693136] (-) TimerEvent: {}
[1.800500] (-) TimerEvent: {}
[1.909191] (-) TimerEvent: {}
[2.012981] (-) TimerEvent: {}
[2.140401] (-) TimerEvent: {}
[2.249672] (-) TimerEvent: {}
[2.357180] (-) TimerEvent: {}
[2.471703] (-) TimerEvent: {}
[2.578123] (-) TimerEvent: {}
[2.682234] (-) TimerEvent: {}
[2.795019] (-) TimerEvent: {}
[2.898047] (-) TimerEvent: {}
[3.004745] (-) TimerEvent: {}
[3.111446] (-) TimerEvent: {}
[3.223518] (-) TimerEvent: {}
[3.330313] (-) TimerEvent: {}
[3.438850] (-) TimerEvent: {}
[3.548722] (-) TimerEvent: {}
[3.651816] (-) TimerEvent: {}
[3.759094] (-) TimerEvent: {}
[3.867733] (-) TimerEvent: {}
[3.977632] (-) TimerEvent: {}
[4.085102] (-) TimerEvent: {}
[4.194590] (-) TimerEvent: {}
[4.297792] (-) TimerEvent: {}
[4.406698] (-) TimerEvent: {}
[4.516828] (-) TimerEvent: {}
[4.623658] (-) TimerEvent: {}
[4.727214] (-) TimerEvent: {}
[4.830116] (-) TimerEvent: {}
[4.933398] (-) TimerEvent: {}
[5.038874] (-) TimerEvent: {}
[5.143106] (-) TimerEvent: {}
[5.246035] (-) TimerEvent: {}
[5.354712] (-) TimerEvent: {}
[5.457187] (-) TimerEvent: {}
[5.560909] (-) TimerEvent: {}
[5.663826] (-) TimerEvent: {}
[5.768852] (-) TimerEvent: {}
[5.871385] (-) TimerEvent: {}
[5.977297] (-) TimerEvent: {}
[6.085085] (-) TimerEvent: {}
[6.188686] (-) TimerEvent: {}
[6.300845] (-) TimerEvent: {}
[6.408822] (-) TimerEvent: {}
[6.525180] (-) TimerEvent: {}
[6.653175] (-) TimerEvent: {}
[6.761977] (-) TimerEvent: {}
[6.864610] (-) TimerEvent: {}
[6.977140] (-) TimerEvent: {}
[7.086830] (-) TimerEvent: {}
[7.192860] (-) TimerEvent: {}
[7.296009] (-) TimerEvent: {}
[7.399642] (-) TimerEvent: {}
[7.504321] (-) TimerEvent: {}
[7.616812] (-) TimerEvent: {}
[7.736196] (-) TimerEvent: {}
[7.841965] (-) TimerEvent: {}
[7.948211] (-) TimerEvent: {}
[8.052766] (-) TimerEvent: {}
[8.156976] (-) TimerEvent: {}
[8.261136] (-) TimerEvent: {}
[8.368834] (-) TimerEvent: {}
[8.477470] (-) TimerEvent: {}
[8.587218] (-) TimerEvent: {}
[8.704791] (-) TimerEvent: {}
[8.807386] (-) TimerEvent: {}
[8.917278] (-) TimerEvent: {}
[9.025069] (-) TimerEvent: {}
[9.128064] (-) TimerEvent: {}
[9.234836] (-) TimerEvent: {}
[9.338216] (-) TimerEvent: {}
[9.441118] (-) TimerEvent: {}
[9.551928] (-) TimerEvent: {}
[9.658214] (-) TimerEvent: {}
[9.781156] (-) TimerEvent: {}
[9.886029] (-) TimerEvent: {}
[9.992788] (-) TimerEvent: {}
[10.097122] (-) TimerEvent: {}
[10.207736] (-) TimerEvent: {}
[10.320003] (-) TimerEvent: {}
[10.423867] (-) TimerEvent: {}
[10.529175] (-) TimerEvent: {}
[10.637132] (-) TimerEvent: {}
[10.740853] (-) TimerEvent: {}
[10.843621] (-) TimerEvent: {}
[10.949176] (-) TimerEvent: {}
[11.056870] (-) TimerEvent: {}
[11.159475] (-) TimerEvent: {}
[11.269624] (-) TimerEvent: {}
[11.372281] (-) TimerEvent: {}
[11.475850] (-) TimerEvent: {}
[11.585105] (-) TimerEvent: {}
[11.697121] (-) TimerEvent: {}
[11.801023] (-) TimerEvent: {}
[11.911573] (-) TimerEvent: {}
[12.017252] (-) TimerEvent: {}
[12.121778] (-) TimerEvent: {}
[12.227961] (-) TimerEvent: {}
[12.330680] (-) TimerEvent: {}
[12.433280] (-) TimerEvent: {}
[12.535755] (-) TimerEvent: {}
[12.640197] (-) TimerEvent: {}
[12.747089] (-) TimerEvent: {}
[12.852813] (-) TimerEvent: {}
[12.956661] (-) TimerEvent: {}
[13.063431] (-) TimerEvent: {}
[13.171833] (-) TimerEvent: {}
[13.274368] (-) TimerEvent: {}
[13.378487] (-) TimerEvent: {}
[13.490048] (-) TimerEvent: {}
[13.595748] (-) TimerEvent: {}
[13.704368] (-) TimerEvent: {}
[13.806925] (-) TimerEvent: {}
[13.911887] (-) TimerEvent: {}
[14.020033] (-) TimerEvent: {}
[14.131324] (-) TimerEvent: {}
[14.241349] (-) TimerEvent: {}
[14.344403] (-) TimerEvent: {}
[14.458556] (-) TimerEvent: {}
[14.562680] (-) TimerEvent: {}
[14.669104] (-) TimerEvent: {}
[14.775523] (-) TimerEvent: {}
[14.885782] (-) TimerEvent: {}
[14.989069] (-) TimerEvent: {}
[15.097453] (-) TimerEvent: {}
[15.204828] (-) TimerEvent: {}
[15.309403] (-) TimerEvent: {}
[15.418493] (-) TimerEvent: {}
[15.524881] (-) TimerEvent: {}
[15.632642] (-) TimerEvent: {}
[15.737253] (-) TimerEvent: {}
[15.841996] (-) TimerEvent: {}
[15.945012] (-) TimerEvent: {}
[16.053150] (-) TimerEvent: {}
[16.169232] (-) TimerEvent: {}
[16.285209] (-) TimerEvent: {}
[16.389021] (-) TimerEvent: {}
[16.493176] (-) TimerEvent: {}
[16.605571] (-) TimerEvent: {}
[16.715045] (-) TimerEvent: {}
[16.822216] (-) TimerEvent: {}
[16.925359] (-) TimerEvent: {}
[17.028664] (-) TimerEvent: {}
[17.138878] (-) TimerEvent: {}
[17.243340] (-) TimerEvent: {}
[17.352220] (-) TimerEvent: {}
[17.465599] (-) TimerEvent: {}
[17.579987] (-) TimerEvent: {}
[17.682886] (-) TimerEvent: {}
[17.792840] (-) TimerEvent: {}
[17.902251] (-) TimerEvent: {}
[18.007730] (-) TimerEvent: {}
[18.121919] (-) TimerEvent: {}
[18.234920] (-) TimerEvent: {}
[18.341057] (-) TimerEvent: {}
[18.445158] (-) TimerEvent: {}
[18.552741] (-) TimerEvent: {}
[18.658040] (-) TimerEvent: {}
[18.780398] (-) TimerEvent: {}
[18.883043] (-) TimerEvent: {}
[18.993855] (-) TimerEvent: {}
[19.110274] (-) TimerEvent: {}
[19.216813] (-) TimerEvent: {}
[19.324829] (-) TimerEvent: {}
[19.427854] (-) TimerEvent: {}
[19.530122] (-) TimerEvent: {}
[19.632887] (-) TimerEvent: {}
[19.741182] (-) TimerEvent: {}
[19.858565] (-) TimerEvent: {}
[19.964824] (-) TimerEvent: {}
[20.076879] (-) TimerEvent: {}
[20.181910] (-) TimerEvent: {}
[20.297499] (-) TimerEvent: {}
[20.405305] (-) TimerEvent: {}
[20.517110] (-) TimerEvent: {}
[20.624844] (-) TimerEvent: {}
[20.728600] (-) TimerEvent: {}
[20.840548] (-) TimerEvent: {}
[20.954107] (-) TimerEvent: {}
[21.062857] (-) TimerEvent: {}
[21.174940] (-) TimerEvent: {}
[21.280864] (-) TimerEvent: {}
[21.386603] (-) TimerEvent: {}
[21.493460] (-) TimerEvent: {}
[21.606511] (-) TimerEvent: {}
[21.714811] (-) TimerEvent: {}
[21.819566] (-) TimerEvent: {}
[21.925723] (-) TimerEvent: {}
[22.028444] (-) TimerEvent: {}
[22.133171] (-) TimerEvent: {}
[22.239392] (-) TimerEvent: {}
[22.349028] (-) TimerEvent: {}
[22.464337] (-) TimerEvent: {}
[22.570776] (-) TimerEvent: {}
[22.674275] (-) TimerEvent: {}
[22.781127] (-) TimerEvent: {}
[22.889170] (-) TimerEvent: {}
[22.995890] (-) TimerEvent: {}
[23.105276] (-) TimerEvent: {}
[23.212686] (-) TimerEvent: {}
[23.324319] (-) TimerEvent: {}
[23.431829] (-) TimerEvent: {}
[23.534343] (-) TimerEvent: {}
[23.641855] (-) TimerEvent: {}
[23.747192] (-) TimerEvent: {}
[23.849383] (-) TimerEvent: {}
[23.952815] (-) TimerEvent: {}
[24.056821] (-) TimerEvent: {}
[24.159884] (-) TimerEvent: {}
[24.262377] (-) TimerEvent: {}
[24.366766] (-) TimerEvent: {}
[24.473184] (-) TimerEvent: {}
[24.582501] (-) TimerEvent: {}
[24.689146] (-) TimerEvent: {}
[24.805189] (-) TimerEvent: {}
[24.920817] (-) TimerEvent: {}
[25.023295] (-) TimerEvent: {}
[25.125595] (-) TimerEvent: {}
[25.227882] (-) TimerEvent: {}
[25.330757] (-) TimerEvent: {}
[25.437732] (-) TimerEvent: {}
[25.542645] (-) TimerEvent: {}
[25.651047] (-) TimerEvent: {}
[25.753783] (-) TimerEvent: {}
[25.856214] (-) TimerEvent: {}
[25.961804] (-) TimerEvent: {}
[26.069243] (-) TimerEvent: {}
[26.176734] (-) TimerEvent: {}
[26.279473] (-) TimerEvent: {}
[26.386513] (-) TimerEvent: {}
[26.493198] (-) TimerEvent: {}
[26.601178] (-) TimerEvent: {}
[26.710277] (-) TimerEvent: {}
[26.822245] (-) TimerEvent: {}
[26.936438] (-) TimerEvent: {}
[27.041149] (-) TimerEvent: {}
[27.149271] (-) TimerEvent: {}
[27.252831] (-) TimerEvent: {}
[27.360808] (-) TimerEvent: {}
[27.473356] (-) TimerEvent: {}
[27.577231] (-) TimerEvent: {}
[27.688759] (-) TimerEvent: {}
[27.794446] (-) TimerEvent: {}
[27.901799] (-) TimerEvent: {}
[28.013179] (-) TimerEvent: {}
[28.121132] (-) TimerEvent: {}
[28.228053] (-) TimerEvent: {}
[28.332834] (-) TimerEvent: {}
[28.440822] (-) TimerEvent: {}
[28.544422] (-) TimerEvent: {}
[28.660828] (-) TimerEvent: {}
[28.768811] (-) TimerEvent: {}
[28.871612] (-) TimerEvent: {}
[28.990771] (-) TimerEvent: {}
[29.094661] (-) TimerEvent: {}
[29.201996] (-) TimerEvent: {}
[29.309190] (-) TimerEvent: {}
[29.416907] (-) TimerEvent: {}
[29.520682] (-) TimerEvent: {}
[29.624653] (-) TimerEvent: {}
[29.733956] (-) TimerEvent: {}
[29.838439] (-) TimerEvent: {}
[29.943336] (-) TimerEvent: {}
[30.047646] (-) TimerEvent: {}
[30.152607] (-) TimerEvent: {}
[30.260043] (-) TimerEvent: {}
[30.364827] (-) TimerEvent: {}
[30.468041] (-) TimerEvent: {}
[30.575382] (-) TimerEvent: {}
[30.694818] (-) TimerEvent: {}
[30.798589] (-) TimerEvent: {}
[30.916365] (-) TimerEvent: {}
[31.020000] (-) TimerEvent: {}
[31.123424] (-) TimerEvent: {}
[31.232711] (-) TimerEvent: {}
[31.353364] (-) TimerEvent: {}
[31.456562] (-) TimerEvent: {}
[31.565129] (-) TimerEvent: {}
[31.675004] (-) TimerEvent: {}
[31.780822] (-) TimerEvent: {}
[31.888100] (-) TimerEvent: {}
[31.997158] (-) TimerEvent: {}
[32.103015] (-) TimerEvent: {}
[32.216854] (-) TimerEvent: {}
[32.329225] (-) TimerEvent: {}
[32.437671] (-) TimerEvent: {}
[32.540458] (-) TimerEvent: {}
[32.647254] (-) TimerEvent: {}
[32.759357] (-) TimerEvent: {}
[32.870139] (-) TimerEvent: {}
[32.976808] (-) TimerEvent: {}
[33.080845] (-) TimerEvent: {}
[33.183505] (-) TimerEvent: {}
[33.288835] (-) TimerEvent: {}
[33.401295] (-) TimerEvent: {}
[33.505003] (-) TimerEvent: {}
[33.609008] (-) TimerEvent: {}
[33.713534] (-) TimerEvent: {}
[33.819625] (-) TimerEvent: {}
[33.922921] (-) TimerEvent: {}
[34.028811] (-) TimerEvent: {}
[34.140846] (-) TimerEvent: {}
[34.244415] (-) TimerEvent: {}
[34.348063] (-) TimerEvent: {}
[34.453770] (-) TimerEvent: {}
[34.560823] (-) TimerEvent: {}
[34.665342] (-) TimerEvent: {}
[34.767690] (-) TimerEvent: {}
[34.877162] (-) TimerEvent: {}
[34.984849] (-) TimerEvent: {}
[35.091605] (-) TimerEvent: {}
[35.202665] (-) TimerEvent: {}
[35.306590] (-) TimerEvent: {}
[35.412575] (-) TimerEvent: {}
[35.521926] (-) TimerEvent: {}
[35.625534] (-) TimerEvent: {}
[35.733294] (-) TimerEvent: {}
[35.844916] (-) TimerEvent: {}
[35.947516] (-) TimerEvent: {}
[36.064922] (-) TimerEvent: {}
[36.168484] (-) TimerEvent: {}
[36.279959] (-) TimerEvent: {}
[36.385869] (-) TimerEvent: {}
[36.492930] (-) TimerEvent: {}
[36.598924] (-) TimerEvent: {}
[36.703442] (-) TimerEvent: {}
[36.806376] (-) TimerEvent: {}
[36.918000] (-) TimerEvent: {}
[37.025844] (-) TimerEvent: {}
[37.131622] (-) TimerEvent: {}
[37.238227] (-) TimerEvent: {}
[37.341825] (-) TimerEvent: {}
[37.452453] (-) TimerEvent: {}
[37.555265] (-) TimerEvent: {}
[37.662899] (-) TimerEvent: {}
[37.765147] (-) TimerEvent: {}
[37.871709] (-) TimerEvent: {}
[37.980825] (-) TimerEvent: {}
[38.086958] (-) TimerEvent: {}
[38.189444] (-) TimerEvent: {}
[38.297213] (-) TimerEvent: {}
[38.402778] (-) TimerEvent: {}
[38.509638] (-) TimerEvent: {}
[38.613647] (-) TimerEvent: {}
[38.716380] (-) TimerEvent: {}
[38.819027] (-) TimerEvent: {}
[38.929209] (-) TimerEvent: {}
[39.043687] (-) TimerEvent: {}
[39.151287] (-) TimerEvent: {}
[39.261089] (-) TimerEvent: {}
[39.368344] (-) TimerEvent: {}
[39.471285] (-) TimerEvent: {}
[39.576842] (-) TimerEvent: {}
[39.685173] (-) TimerEvent: {}
[39.794000] (-) TimerEvent: {}
[39.901177] (-) TimerEvent: {}
[40.009587] (-) TimerEvent: {}
[40.114833] (-) TimerEvent: {}
[40.220828] (-) TimerEvent: {}
[40.326163] (-) TimerEvent: {}
[40.428877] (-) TimerEvent: {}
[40.533739] (-) TimerEvent: {}
[40.570667] (path_planning) Command: {'cmd': ['/usr/bin/python3', '-W', 'ignore:setup.py install is deprecated', '-W', 'ignore:easy_install command is deprecated', 'setup.py', 'develop', '--editable', '--build-directory', '/home/racecar/racecar_ws/src/racecar/lab6/build/path_planning/build', '--no-deps', 'symlink_data'], 'cwd': '/home/racecar/racecar_ws/src/racecar/lab6/build/path_planning', 'env': {'PYTHONIOENCODING': 'utf-8', 'HOSTNAME': '3ed8ec340ea5', 'SHLVL': '1', 'LD_LIBRARY_PATH': '/home/racecar/racecar_ws/install/custom_msgs/lib:/opt/ros/humble/opt/rviz_ogre_vendor/lib:/opt/ros/humble/lib/aarch64-linux-gnu:/opt/ros/humble/lib', 'HOME': '/home/racecar', 'OLDPWD': '/home/racecar/racecar_ws/src/racecar/lab6/launch', 'ROS_PYTHON_VERSION': '3', 'COLCON_PREFIX_PATH': '/home/racecar/racecar_ws/src/racecar/lab6/install:/home/sim_ws/install:/home/racecar/racecar_ws/install', 'ROS_DISTRO': 'humble', '_': '/usr/bin/colcon', 'ROS_VERSION': '2', 'TERM': 'xterm', 'ROS_LOCALHOST_ONLY': '0', 'PATH': '/opt/ros/humble/bin:/usr/local/sbin:/usr/local/bin:/usr/sbin:/usr/bin:/sbin:/bin', 'LANG': 'en_US.UTF-8', 'AMENT_PREFIX_PATH': '/home/sim_ws/install/racecar_simulator:/home/racecar/racecar_ws/install/wall_follower:/home/racecar/racecar_ws/install/ros_exercises:/home/racecar/racecar_ws/install/py_pubsub:/home/racecar/racecar_ws/install/custom_msgs:/home/racecar/racecar_ws/install/1c_test:/opt/ros/humble', 'SIM_WS': '/home/sim_ws', 'PWD': '/home/racecar/racecar_ws/src/racecar/lab6/build/path_planning', 'PYTHONPATH': '/home/racecar/racecar_ws/src/racecar/lab6/build/path_planning/prefix_override:/usr/lib/python3/dist-packages/colcon_core/task/python/colcon_distutils_commands:/home/racecar/racecar_ws/src/racecar/lab6/install/path_planning/lib/python3.10/site-packages:/home/racecar/racecar_ws/build/wall_follower:/home/racecar/racecar_ws/install/wall_follower/lib/python3.10/site-packages:/home/racecar/racecar_ws/build/ros_exercises:/home/racecar/racecar_ws/install/ros_exercises/lib/python3.10/site-packages:/home/racecar/racecar_ws/build/py_pubsub:/home/racecar/racecar_ws/install/py_pubsub/lib/python3.10/site-packages:/home/racecar/racecar_ws/install/custom_msgs/local/lib/python3.10/dist-packages:/home/racecar/racecar_ws/build/1c_test:/home/racecar/racecar_ws/install/1c_test/lib/python3.10/site-packages:/opt/ros/humble/lib/python3.10/site-packages:/opt/ros/humble/local/lib/python3.10/dist-packages', 'NO_VNC_VERSION': '1.4.0', 'COLCON': '1', 'CMAKE_PREFIX_PATH': '/home/sim_ws/install/racecar_simulator:/home/racecar/racecar_ws/install/custom_msgs'}, 'shell': False}
[40.655860] (-) TimerEvent: {}
[40.758477] (-) TimerEvent: {}
[40.861809] (-) TimerEvent: {}
[40.968016] (-) TimerEvent: {}
[41.071882] (-) TimerEvent: {}
[41.175146] (-) TimerEvent: {}
[41.279713] (-) TimerEvent: {}
[41.384796] (-) TimerEvent: {}
[41.487556] (-) TimerEvent: {}
[41.601137] (-) TimerEvent: {}
[41.709705] (-) TimerEvent: {}
[41.821178] (-) TimerEvent: {}
[41.925126] (-) TimerEvent: {}
[42.033159] (-) TimerEvent: {}
[42.138400] (-) TimerEvent: {}
[42.241973] (-) TimerEvent: {}
[42.349183] (-) TimerEvent: {}
[42.459752] (-) TimerEvent: {}
[42.563373] (-) TimerEvent: {}
[42.671928] (-) TimerEvent: {}
[42.777159] (-) TimerEvent: {}
[42.880386] (-) TimerEvent: {}
[42.983723] (-) TimerEvent: {}
[43.086375] (-) TimerEvent: {}
[43.188947] (-) TimerEvent: {}
[43.294141] (-) TimerEvent: {}
[43.400824] (-) TimerEvent: {}
[43.508860] (-) TimerEvent: {}
[43.616869] (-) TimerEvent: {}
[43.721599] (-) TimerEvent: {}
[43.831938] (-) TimerEvent: {}
[43.936839] (-) TimerEvent: {}
[44.042944] (-) TimerEvent: {}
[44.152819] (-) TimerEvent: {}
[44.255129] (-) TimerEvent: {}
[44.364836] (-) TimerEvent: {}
[44.467667] (-) TimerEvent: {}
[44.571625] (-) TimerEvent: {}
[44.680834] (-) TimerEvent: {}
[44.786815] (-) TimerEvent: {}
[44.890807] (-) TimerEvent: {}
[44.996891] (-) TimerEvent: {}
[45.112973] (-) TimerEvent: {}
[45.223008] (-) TimerEvent: {}
[45.326603] (-) TimerEvent: {}
[45.431377] (-) TimerEvent: {}
[45.535011] (-) TimerEvent: {}
[45.637770] (-) TimerEvent: {}
[45.740157] (-) TimerEvent: {}
[45.842651] (-) TimerEvent: {}
[45.945149] (-) TimerEvent: {}
[46.047642] (-) TimerEvent: {}
[46.152892] (-) TimerEvent: {}
[46.255456] (-) TimerEvent: {}
[46.359504] (-) TimerEvent: {}
[46.461896] (-) TimerEvent: {}
[46.564354] (-) TimerEvent: {}
[46.666705] (-) TimerEvent: {}
[46.769167] (-) TimerEvent: {}
[46.871587] (-) TimerEvent: {}
[46.976331] (-) TimerEvent: {}
[47.079924] (-) TimerEvent: {}
[47.182720] (-) TimerEvent: {}
[47.288300] (-) TimerEvent: {}
[47.397088] (-) TimerEvent: {}
[47.511780] (-) TimerEvent: {}
[47.616836] (-) TimerEvent: {}
[47.722816] (-) TimerEvent: {}
[47.825443] (-) TimerEvent: {}
[47.927837] (-) TimerEvent: {}
[48.030176] (-) TimerEvent: {}
[48.132492] (-) TimerEvent: {}
[48.236852] (-) TimerEvent: {}
[48.344811] (-) TimerEvent: {}
[48.447733] (-) TimerEvent: {}
[48.556667] (-) TimerEvent: {}
[48.660837] (-) TimerEvent: {}
[48.764854] (-) TimerEvent: {}
[48.867397] (-) TimerEvent: {}
[48.969737] (-) TimerEvent: {}
[49.072102] (-) TimerEvent: {}
[49.176311] (-) TimerEvent: {}
[49.281182] (-) TimerEvent: {}
[49.383726] (-) TimerEvent: {}
[49.488814] (-) TimerEvent: {}
[49.592072] (-) TimerEvent: {}
[49.698913] (-) TimerEvent: {}
[49.803948] (-) TimerEvent: {}
[49.909154] (-) TimerEvent: {}
[50.014780] (-) TimerEvent: {}
[50.120842] (-) TimerEvent: {}
[50.223915] (-) TimerEvent: {}
[50.328462] (-) TimerEvent: {}
[50.431058] (-) TimerEvent: {}
[50.541148] (-) TimerEvent: {}
[50.649065] (-) TimerEvent: {}
[50.751604] (-) TimerEvent: {}
[50.865162] (-) TimerEvent: {}
[50.968613] (-) TimerEvent: {}
[51.076306] (-) TimerEvent: {}
[51.180185] (-) TimerEvent: {}
[51.282547] (-) TimerEvent: {}
[51.384877] (-) TimerEvent: {}
[51.488829] (-) TimerEvent: {}
[51.592358] (-) TimerEvent: {}
[51.700803] (-) TimerEvent: {}
[51.805933] (-) TimerEvent: {}
[51.914600] (-) TimerEvent: {}
[52.023933] (-) TimerEvent: {}
[52.127389] (-) TimerEvent: {}
[52.229670] (-) TimerEvent: {}
[52.332029] (-) TimerEvent: {}
[52.434503] (-) TimerEvent: {}
[52.536894] (-) TimerEvent: {}
[52.639541] (-) TimerEvent: {}
[52.751661] (-) TimerEvent: {}
[52.856123] (-) TimerEvent: {}
[52.965435] (-) TimerEvent: {}
[53.071174] (-) TimerEvent: {}
[53.177145] (-) TimerEvent: {}
[53.284167] (-) TimerEvent: {}
[53.390965] (-) TimerEvent: {}
[53.496343] (-) TimerEvent: {}
[53.600049] (-) TimerEvent: {}
[53.707308] (-) TimerEvent: {}
[53.809961] (-) TimerEvent: {}
[53.912908] (-) TimerEvent: {}
[54.015658] (-) TimerEvent: {}
[54.124768] (-) TimerEvent: {}
[54.227594] (-) TimerEvent: {}
[54.331440] (-) TimerEvent: {}
[54.435077] (-) TimerEvent: {}
[54.538081] (-) TimerEvent: {}
[54.641934] (-) TimerEvent: {}
[54.745899] (-) TimerEvent: {}
[54.851104] (-) TimerEvent: {}
[54.887480] (path_planning) StderrLine: {'line': b"/usr/lib/python3/dist-packages/setuptools/dist.py:723: UserWarning: Usage of dash-separated 'script-dir' will not be supported in future versions. Please use the underscore name 'script_dir' instead\n"}
[54.902188] (path_planning) StderrLine: {'line': b'  warnings.warn(\n'}
[54.951950] (-) TimerEvent: {}
[55.055329] (-) TimerEvent: {}
[55.158630] (-) TimerEvent: {}
[55.263529] (-) TimerEvent: {}
[55.365967] (-) TimerEvent: {}
[55.469783] (-) TimerEvent: {}
[55.573918] (-) TimerEvent: {}
[55.678795] (-) TimerEvent: {}
[55.783483] (-) TimerEvent: {}
[55.886161] (-) TimerEvent: {}
[55.990269] (-) TimerEvent: {}
[56.093377] (-) TimerEvent: {}
[56.196548] (-) TimerEvent: {}
[56.300541] (-) TimerEvent: {}
[56.359204] (path_planning) StdoutLine: {'line': b'running develop\n'}
[56.402892] (-) TimerEvent: {}
[56.506903] (-) TimerEvent: {}
[56.609433] (-) TimerEvent: {}
[56.711947] (-) TimerEvent: {}
[56.814379] (-) TimerEvent: {}
[56.918625] (-) TimerEvent: {}
[57.024241] (-) TimerEvent: {}
[57.126536] (-) TimerEvent: {}
[57.229415] (-) TimerEvent: {}
[57.335389] (-) TimerEvent: {}
[57.440994] (-) TimerEvent: {}
[57.547318] (-) TimerEvent: {}
[57.653186] (-) TimerEvent: {}
[57.755622] (-) TimerEvent: {}
[57.861166] (-) TimerEvent: {}
[57.974776] (-) TimerEvent: {}
[58.078861] (-) TimerEvent: {}
[58.184961] (-) TimerEvent: {}
[58.293332] (-) TimerEvent: {}
[58.399359] (-) TimerEvent: {}
[58.508794] (-) TimerEvent: {}
[58.613829] (-) TimerEvent: {}
[58.716553] (-) TimerEvent: {}
[58.825859] (-) TimerEvent: {}
[58.933649] (-) TimerEvent: {}
[59.039486] (-) TimerEvent: {}
[59.145045] (-) TimerEvent: {}
[59.256840] (-) TimerEvent: {}
[59.367826] (-) TimerEvent: {}
[59.471031] (-) TimerEvent: {}
[59.575216] (-) TimerEvent: {}
[59.679295] (-) TimerEvent: {}
[59.783548] (-) TimerEvent: {}
[59.889989] (-) TimerEvent: {}
[59.995805] (-) TimerEvent: {}
[60.101166] (-) TimerEvent: {}
[60.207478] (-) TimerEvent: {}
[60.312854] (-) TimerEvent: {}
[60.417219] (-) TimerEvent: {}
[60.520009] (-) TimerEvent: {}
[60.632684] (-) TimerEvent: {}
[60.738792] (-) TimerEvent: {}
[60.848417] (-) TimerEvent: {}
[60.952524] (-) TimerEvent: {}
[61.063494] (-) TimerEvent: {}
[61.170841] (-) TimerEvent: {}
[61.279392] (-) TimerEvent: {}
[61.390627] (-) TimerEvent: {}
[61.499769] (-) TimerEvent: {}
[61.607574] (-) TimerEvent: {}
[61.711695] (-) TimerEvent: {}
[61.816670] (-) TimerEvent: {}
[61.924421] (-) TimerEvent: {}
[62.026966] (-) TimerEvent: {}
[62.131704] (-) TimerEvent: {}
[62.240823] (-) TimerEvent: {}
[62.352663] (-) TimerEvent: {}
[62.455845] (-) TimerEvent: {}
[62.562119] (-) TimerEvent: {}
[62.666435] (-) TimerEvent: {}
[62.770283] (-) TimerEvent: {}
[62.875726] (-) TimerEvent: {}
[62.980794] (-) TimerEvent: {}
[63.083500] (-) TimerEvent: {}
[63.197387] (-) TimerEvent: {}
[63.301535] (-) TimerEvent: {}
[63.410526] (-) TimerEvent: {}
[63.517945] (-) TimerEvent: {}
[63.541704] (path_planning) StdoutLine: {'line': b'running egg_info\n'}
[63.552565] (path_planning) StdoutLine: {'line': b'writing path_planning.egg-info/PKG-INFO\n'}
[63.580477] (path_planning) StdoutLine: {'line': b'writing dependency_links to path_planning.egg-info/dependency_links.txt\n'}
[63.613893] (path_planning) StdoutLine: {'line': b'writing entry points to path_planning.egg-info/entry_points.txt\n'}
[63.624093] (-) TimerEvent: {}
[63.645618] (path_planning) StdoutLine: {'line': b'writing requirements to path_planning.egg-info/requires.txt\n'}
[63.660558] (path_planning) StdoutLine: {'line': b'writing top-level names to path_planning.egg-info/top_level.txt\n'}
[63.728838] (-) TimerEvent: {}
[63.831436] (-) TimerEvent: {}
[63.934617] (-) TimerEvent: {}
[64.037431] (-) TimerEvent: {}
[64.151779] (-) TimerEvent: {}
[64.198552] (path_planning) StdoutLine: {'line': b"reading manifest file 'path_planning.egg-info/SOURCES.txt'\n"}
[64.256848] (-) TimerEvent: {}
[64.362346] (-) TimerEvent: {}
[64.468458] (-) TimerEvent: {}
[64.575363] (-) TimerEvent: {}
[64.685161] (-) TimerEvent: {}
[64.789727] (path_planning) StdoutLine: {'line': b"writing manifest file 'path_planning.egg-info/SOURCES.txt'\n"}
[64.792268] (-) TimerEvent: {}
[64.899995] (-) TimerEvent: {}
[65.007483] (-) TimerEvent: {}
[65.113223] (-) TimerEvent: {}
[65.221119] (-) TimerEvent: {}
[65.324829] (-) TimerEvent: {}
[65.429110] (-) TimerEvent: {}
[65.540803] (-) TimerEvent: {}
[65.648812] (-) TimerEvent: {}
[65.754709] (-) TimerEvent: {}
[65.860867] (-) TimerEvent: {}
[65.969122] (-) TimerEvent: {}
[66.077334] (-) TimerEvent: {}
[66.182763] (-) TimerEvent: {}
[66.285896] (-) TimerEvent: {}
[66.395803] (-) TimerEvent: {}
[66.454006] (path_planning) StdoutLine: {'line': b'running build_ext\n'}
[66.456500] (path_planning) StdoutLine: {'line': b'Creating /home/racecar/racecar_ws/src/racecar/lab6/install/path_planning/lib/python3.10/site-packages/path-planning.egg-link (link to .)\n'}
[66.496425] (-) TimerEvent: {}
[66.598927] (-) TimerEvent: {}
[66.601325] (path_planning) StdoutLine: {'line': b'Installing trajectory_builder script to /home/racecar/racecar_ws/src/racecar/lab6/install/path_planning/lib/path_planning\n'}
[66.699819] (-) TimerEvent: {}
[66.704404] (path_planning) StdoutLine: {'line': b'Installing trajectory_follower script to /home/racecar/racecar_ws/src/racecar/lab6/install/path_planning/lib/path_planning\n'}
[66.801221] (-) TimerEvent: {}
[66.807690] (path_planning) StdoutLine: {'line': b'Installing trajectory_loader script to /home/racecar/racecar_ws/src/racecar/lab6/install/path_planning/lib/path_planning\n'}
[66.876999] (path_planning) StdoutLine: {'line': b'Installing trajectory_planner script to /home/racecar/racecar_ws/src/racecar/lab6/install/path_planning/lib/path_planning\n'}
[66.909385] (-) TimerEvent: {}
[67.006022] (path_planning) StdoutLine: {'line': b'\n'}
[67.010874] (-) TimerEvent: {}
[67.021360] (path_planning) StdoutLine: {'line': b'Installed /home/racecar/racecar_ws/src/racecar/lab6/build/path_planning\n'}
[67.029419] (path_planning) StdoutLine: {'line': b'running symlink_data\n'}
[67.111554] (-) TimerEvent: {}
[67.218044] (-) TimerEvent: {}
[67.329166] (-) TimerEvent: {}
[67.436147] (-) TimerEvent: {}
[67.541138] (-) TimerEvent: {}
[67.649133] (-) TimerEvent: {}
[67.755089] (-) TimerEvent: {}
[67.857796] (-) TimerEvent: {}
[67.960442] (-) TimerEvent: {}
[68.069133] (-) TimerEvent: {}
[68.173001] (-) TimerEvent: {}
[68.282207] (-) TimerEvent: {}
[68.386952] (-) TimerEvent: {}
[68.497841] (-) TimerEvent: {}
[68.605114] (-) TimerEvent: {}
[68.710791] (path_planning) CommandEnded: {'returncode': 0}
[68.738541] (-) TimerEvent: {}
[68.840808] (-) TimerEvent: {}
[68.944764] (-) TimerEvent: {}
[69.052080] (-) TimerEvent: {}
[69.197351] (-) TimerEvent: {}
[69.311503] (-) TimerEvent: {}
[69.420044] (-) TimerEvent: {}
[69.528087] (-) TimerEvent: {}
[69.631361] (-) TimerEvent: {}
[69.735766] (-) TimerEvent: {}
[69.840765] (-) TimerEvent: {}
[69.946270] (-) TimerEvent: {}
[70.050623] (-) TimerEvent: {}
[70.198579] (-) TimerEvent: {}
[70.300906] (-) TimerEvent: {}
[70.403149] (-) TimerEvent: {}
[70.505901] (-) TimerEvent: {}
[70.615822] (-) TimerEvent: {}
[70.733183] (-) TimerEvent: {}
[70.845041] (-) TimerEvent: {}
[70.951925] (-) TimerEvent: {}
[71.058523] (-) TimerEvent: {}
[71.160515] (-) TimerEvent: {}
[71.263701] (-) TimerEvent: {}
[71.378456] (-) TimerEvent: {}
[71.482412] (-) TimerEvent: {}
[71.504621] (path_planning) JobEnded: {'identifier': 'path_planning', 'rc': 0}
[71.542995] (-) EventReactorShutdown: {}
