[6.999s] DEBUG:colcon:Command line arguments: ['/usr/bin/colcon', 'build', '--symlink-install']
[7.013s] DEBUG:colcon:Parsed command line arguments: Namespace(log_base=None, log_level=None, verb_name='build', build_base='build', install_base='install', merge_install=False, symlink_install=True, test_result_base=None, continue_on_error=False, executor='parallel', parallel_workers=16, event_handlers=None, ignore_user_meta=False, metas=['./colcon.meta'], base_paths=['.'], packages_ignore=None, packages_ignore_regex=None, paths=None, packages_up_to=None, packages_up_to_regex=None, packages_above=None, packages_above_and_dependencies=None, packages_above_depth=None, packages_select_by_dep=None, packages_skip_by_dep=None, packages_skip_up_to=None, packages_select_build_failed=False, packages_skip_build_finished=False, packages_select_test_failures=False, packages_skip_test_passed=False, packages_select=None, packages_skip=None, packages_select_regex=None, packages_skip_regex=None, packages_start=None, packages_end=None, cmake_args=None, cmake_target=None, cmake_target_skip_unavailable=False, cmake_clean_cache=False, cmake_clean_first=False, cmake_force_configure=False, ament_cmake_args=None, catkin_cmake_args=None, catkin_skip_building_tests=False, mixin_files=None, mixin=None, verb_parser=<colcon_mixin.mixin.mixin_argument.MixinArgumentDecorator object at 0x7819e2e7a4a0>, verb_extension=<colcon_core.verb.build.BuildVerb object at 0x7819e2e79f30>, main=<bound method BuildVerb.main of <colcon_core.verb.build.BuildVerb object at 0x7819e2e79f30>>, mixin_verb=('build',))
[12.739s] Level 1:colcon.colcon_core.package_discovery:discover_packages(colcon_meta) check parameters
[12.750s] Level 1:colcon.colcon_core.package_discovery:discover_packages(recursive) check parameters
[12.752s] Level 1:colcon.colcon_core.package_discovery:discover_packages(ignore) check parameters
[12.762s] Level 1:colcon.colcon_core.package_discovery:discover_packages(path) check parameters
[12.764s] Level 1:colcon.colcon_core.package_discovery:discover_packages(colcon_meta) discover
[12.766s] Level 1:colcon.colcon_core.package_discovery:discover_packages(recursive) discover
[12.767s] INFO:colcon.colcon_core.package_discovery:Crawling recursively for packages in '/home/racecar/racecar_ws/src/racecar/lab6'
[12.772s] Level 1:colcon.colcon_core.package_identification:_identify(.) by extensions ['ignore', 'ignore_ament_install']
[12.775s] Level 1:colcon.colcon_core.package_identification:_identify(.) by extension 'ignore'
[12.785s] Level 1:colcon.colcon_core.package_identification:_identify(.) by extension 'ignore_ament_install'
[12.797s] Level 1:colcon.colcon_core.package_identification:_identify(.) by extensions ['colcon_pkg']
[12.801s] Level 1:colcon.colcon_core.package_identification:_identify(.) by extension 'colcon_pkg'
[12.806s] Level 1:colcon.colcon_core.package_identification:_identify(.) by extensions ['colcon_meta']
[12.806s] Level 1:colcon.colcon_core.package_identification:_identify(.) by extension 'colcon_meta'
[12.807s] Level 1:colcon.colcon_core.package_identification:_identify(.) by extensions ['ros']
[12.808s] Level 1:colcon.colcon_core.package_identification:_identify(.) by extension 'ros'
[13.121s] DEBUG:colcon.colcon_core.package_identification:Package '.' with type 'ros.ament_python' and name 'path_planning'
[13.125s] Level 1:colcon.colcon_core.package_discovery:discover_packages(recursive) using defaults
[13.127s] Level 1:colcon.colcon_core.package_discovery:discover_packages(ignore) discover
[13.128s] Level 1:colcon.colcon_core.package_discovery:discover_packages(ignore) using defaults
[13.138s] Level 1:colcon.colcon_core.package_discovery:discover_packages(path) discover
[13.148s] Level 1:colcon.colcon_core.package_discovery:discover_packages(path) using defaults
[14.505s] Level 5:colcon.colcon_core.verb:set package 'path_planning' build argument 'cmake_args' from command line to 'None'
[14.510s] Level 5:colcon.colcon_core.verb:set package 'path_planning' build argument 'cmake_target' from command line to 'None'
[14.513s] Level 5:colcon.colcon_core.verb:set package 'path_planning' build argument 'cmake_target_skip_unavailable' from command line to 'False'
[14.515s] Level 5:colcon.colcon_core.verb:set package 'path_planning' build argument 'cmake_clean_cache' from command line to 'False'
[14.516s] Level 5:colcon.colcon_core.verb:set package 'path_planning' build argument 'cmake_clean_first' from command line to 'False'
[14.517s] Level 5:colcon.colcon_core.verb:set package 'path_planning' build argument 'cmake_force_configure' from command line to 'False'
[14.518s] Level 5:colcon.colcon_core.verb:set package 'path_planning' build argument 'ament_cmake_args' from command line to 'None'
[14.519s] Level 5:colcon.colcon_core.verb:set package 'path_planning' build argument 'catkin_cmake_args' from command line to 'None'
[14.520s] Level 5:colcon.colcon_core.verb:set package 'path_planning' build argument 'catkin_skip_building_tests' from command line to 'False'
[14.526s] DEBUG:colcon.colcon_core.verb:Building package 'path_planning' with the following arguments: {'ament_cmake_args': None, 'build_base': '/home/racecar/racecar_ws/src/racecar/lab6/build/path_planning', 'catkin_cmake_args': None, 'catkin_skip_building_tests': False, 'cmake_args': None, 'cmake_clean_cache': False, 'cmake_clean_first': False, 'cmake_force_configure': False, 'cmake_target': None, 'cmake_target_skip_unavailable': False, 'install_base': '/home/racecar/racecar_ws/src/racecar/lab6/install/path_planning', 'merge_install': False, 'path': '/home/racecar/racecar_ws/src/racecar/lab6', 'symlink_install': True, 'test_result_base': None}
[14.529s] INFO:colcon.colcon_core.executor:Executing jobs using 'parallel' executor
[14.561s] DEBUG:colcon.colcon_parallel_executor.executor.parallel:run_until_complete
[14.572s] INFO:colcon.colcon_ros.task.ament_python.build:Building ROS package in '/home/racecar/racecar_ws/src/racecar/lab6' with build type 'ament_python'
[14.575s] Level 1:colcon.colcon_core.shell:create_environment_hook('path_planning', 'ament_prefix_path')
[14.773s] INFO:colcon.colcon_core.plugin_system:Skipping extension 'colcon_core.shell.bat': Not used on non-Windows systems
[14.787s] INFO:colcon.colcon_core.shell:Creating environment hook '/home/racecar/racecar_ws/src/racecar/lab6/install/path_planning/share/path_planning/hook/ament_prefix_path.ps1'
[14.895s] INFO:colcon.colcon_core.shell:Creating environment descriptor '/home/racecar/racecar_ws/src/racecar/lab6/install/path_planning/share/path_planning/hook/ament_prefix_path.dsv'
[15.005s] INFO:colcon.colcon_core.shell:Creating environment hook '/home/racecar/racecar_ws/src/racecar/lab6/install/path_planning/share/path_planning/hook/ament_prefix_path.sh'
[15.109s] INFO:colcon.colcon_core.shell:Skip shell extension 'powershell' for command environment: Not usable outside of PowerShell
[15.111s] DEBUG:colcon.colcon_core.shell:Skip shell extension 'dsv' for command environment
[31.266s] INFO:colcon.colcon_core.task.python.build:Building Python package in '/home/racecar/racecar_ws/src/racecar/lab6'
[31.274s] INFO:colcon.colcon_core.shell:Skip shell extension 'powershell' for command environment: Not usable outside of PowerShell
[31.276s] DEBUG:colcon.colcon_core.shell:Skip shell extension 'dsv' for command environment
[55.226s] DEBUG:colcon.colcon_core.event_handler.log_command:Invoking command in '/home/racecar/racecar_ws/src/racecar/lab6/build/path_planning': PYTHONPATH=/home/racecar/racecar_ws/src/racecar/lab6/build/path_planning/prefix_override:/usr/lib/python3/dist-packages/colcon_core/task/python/colcon_distutils_commands:/home/racecar/racecar_ws/src/racecar/lab6/install/path_planning/lib/python3.10/site-packages:${PYTHONPATH} /usr/bin/python3 -W ignore:setup.py install is deprecated -W ignore:easy_install command is deprecated setup.py develop --editable --build-directory /home/racecar/racecar_ws/src/racecar/lab6/build/path_planning/build --no-deps symlink_data
[83.281s] Level 1:colcon.colcon_core.shell:create_environment_hook('path_planning', 'pythonpath_develop')
[83.294s] INFO:colcon.colcon_core.shell:Creating environment hook '/home/racecar/racecar_ws/src/racecar/lab6/build/path_planning/share/path_planning/hook/pythonpath_develop.ps1'
[83.309s] DEBUG:colcon.colcon_core.event_handler.log_command:Invoked command in '/home/racecar/racecar_ws/src/racecar/lab6/build/path_planning' returned '0': PYTHONPATH=/home/racecar/racecar_ws/src/racecar/lab6/build/path_planning/prefix_override:/usr/lib/python3/dist-packages/colcon_core/task/python/colcon_distutils_commands:/home/racecar/racecar_ws/src/racecar/lab6/install/path_planning/lib/python3.10/site-packages:${PYTHONPATH} /usr/bin/python3 -W ignore:setup.py install is deprecated -W ignore:easy_install command is deprecated setup.py develop --editable --build-directory /home/racecar/racecar_ws/src/racecar/lab6/build/path_planning/build --no-deps symlink_data
[83.382s] INFO:colcon.colcon_core.shell:Creating environment descriptor '/home/racecar/racecar_ws/src/racecar/lab6/build/path_planning/share/path_planning/hook/pythonpath_develop.dsv'
[83.486s] INFO:colcon.colcon_core.shell:Creating environment hook '/home/racecar/racecar_ws/src/racecar/lab6/build/path_planning/share/path_planning/hook/pythonpath_develop.sh'
[83.712s] Level 1:colcon.colcon_core.environment:checking '/home/racecar/racecar_ws/src/racecar/lab6/install/path_planning' for CMake module files
[84.066s] Level 1:colcon.colcon_core.environment:checking '/home/racecar/racecar_ws/src/racecar/lab6/install/path_planning' for CMake config files
[85.234s] Level 1:colcon.colcon_core.environment:checking '/home/racecar/racecar_ws/src/racecar/lab6/install/path_planning/lib'
[85.260s] Level 1:colcon.colcon_core.environment:checking '/home/racecar/racecar_ws/src/racecar/lab6/install/path_planning/bin'
[85.270s] Level 1:colcon.colcon_core.environment:checking '/home/racecar/racecar_ws/src/racecar/lab6/install/path_planning/lib/pkgconfig/path_planning.pc'
[85.287s] Level 1:colcon.colcon_core.environment:checking '/home/racecar/racecar_ws/src/racecar/lab6/install/path_planning/lib/python3.10/site-packages'
[85.292s] Level 1:colcon.colcon_core.shell:create_environment_hook('path_planning', 'pythonpath')
[85.295s] INFO:colcon.colcon_core.shell:Creating environment hook '/home/racecar/racecar_ws/src/racecar/lab6/install/path_planning/share/path_planning/hook/pythonpath.ps1'
[85.392s] INFO:colcon.colcon_core.shell:Creating environment descriptor '/home/racecar/racecar_ws/src/racecar/lab6/install/path_planning/share/path_planning/hook/pythonpath.dsv'
[85.495s] INFO:colcon.colcon_core.shell:Creating environment hook '/home/racecar/racecar_ws/src/racecar/lab6/install/path_planning/share/path_planning/hook/pythonpath.sh'
[85.595s] Level 1:colcon.colcon_core.environment:checking '/home/racecar/racecar_ws/src/racecar/lab6/install/path_planning/bin'
[85.599s] Level 1:colcon.colcon_core.environment:create_environment_scripts_only(path_planning)
[85.611s] INFO:colcon.colcon_core.shell:Creating package script '/home/racecar/racecar_ws/src/racecar/lab6/install/path_planning/share/path_planning/package.ps1'
[85.681s] INFO:colcon.colcon_core.shell:Creating package descriptor '/home/racecar/racecar_ws/src/racecar/lab6/install/path_planning/share/path_planning/package.dsv'
[85.767s] INFO:colcon.colcon_core.shell:Creating package script '/home/racecar/racecar_ws/src/racecar/lab6/install/path_planning/share/path_planning/package.sh'
[85.833s] INFO:colcon.colcon_core.shell:Creating package script '/home/racecar/racecar_ws/src/racecar/lab6/install/path_planning/share/path_planning/package.bash'
[85.918s] INFO:colcon.colcon_core.shell:Creating package script '/home/racecar/racecar_ws/src/racecar/lab6/install/path_planning/share/path_planning/package.zsh'
[86.005s] Level 1:colcon.colcon_core.environment:create_file_with_runtime_dependencies(/home/racecar/racecar_ws/src/racecar/lab6/install/path_planning/share/colcon-core/packages/path_planning)
[86.075s] DEBUG:colcon.colcon_parallel_executor.executor.parallel:closing loop
[86.079s] DEBUG:colcon.colcon_parallel_executor.executor.parallel:loop closed
[86.081s] DEBUG:colcon.colcon_parallel_executor.executor.parallel:run_until_complete finished with '0'
[86.089s] DEBUG:colcon.colcon_core.event_reactor:joining thread
[86.455s] INFO:colcon.colcon_core.plugin_system:Skipping extension 'colcon_notification.desktop_notification.notify_send': Could not find 'notify-send'
[86.457s] INFO:colcon.colcon_core.plugin_system:Skipping extension 'colcon_notification.desktop_notification.terminal_notifier': Not used on non-Darwin systems
[86.458s] INFO:colcon.colcon_core.plugin_system:Skipping extension 'colcon_notification.desktop_notification.win32': Not used on non-Windows systems
[86.459s] INFO:colcon.colcon_notification.desktop_notification:Sending desktop notification using 'notify2'
[86.472s] DEBUG:colcon.colcon_notification.desktop_notification.notify2:Failed to initialize notify2: org.freedesktop.DBus.Error.NotSupported: Unable to autolaunch a dbus-daemon without a $DISPLAY for X11
[86.484s] DEBUG:colcon.colcon_core.event_reactor:joined thread
[86.488s] INFO:colcon.colcon_core.shell:Creating prefix script '/home/racecar/racecar_ws/src/racecar/lab6/install/local_setup.ps1'
[86.528s] INFO:colcon.colcon_core.shell:Creating prefix util module '/home/racecar/racecar_ws/src/racecar/lab6/install/_local_setup_util_ps1.py'
[86.566s] INFO:colcon.colcon_core.shell:Creating prefix chain script '/home/racecar/racecar_ws/src/racecar/lab6/install/setup.ps1'
[86.812s] INFO:colcon.colcon_core.shell:Creating prefix script '/home/racecar/racecar_ws/src/racecar/lab6/install/local_setup.sh'
[86.837s] INFO:colcon.colcon_core.shell:Creating prefix util module '/home/racecar/racecar_ws/src/racecar/lab6/install/_local_setup_util_sh.py'
[86.871s] INFO:colcon.colcon_core.shell:Creating prefix chain script '/home/racecar/racecar_ws/src/racecar/lab6/install/setup.sh'
[87.075s] INFO:colcon.colcon_core.shell:Creating prefix script '/home/racecar/racecar_ws/src/racecar/lab6/install/local_setup.bash'
[87.112s] INFO:colcon.colcon_core.shell:Creating prefix chain script '/home/racecar/racecar_ws/src/racecar/lab6/install/setup.bash'
[87.341s] INFO:colcon.colcon_core.shell:Creating prefix script '/home/racecar/racecar_ws/src/racecar/lab6/install/local_setup.zsh'
[87.377s] INFO:colcon.colcon_core.shell:Creating prefix chain script '/home/racecar/racecar_ws/src/racecar/lab6/install/setup.zsh'
