[2.777s] DEBUG:colcon:Command line arguments: ['/usr/bin/colcon', 'build', '--symlink-install']
[2.780s] DEBUG:colcon:Parsed command line arguments: Namespace(log_base=None, log_level=None, verb_name='build', build_base='build', install_base='install', merge_install=False, symlink_install=True, test_result_base=None, continue_on_error=False, executor='parallel', parallel_workers=16, event_handlers=None, ignore_user_meta=False, metas=['./colcon.meta'], base_paths=['.'], packages_ignore=None, packages_ignore_regex=None, paths=None, packages_up_to=None, packages_up_to_regex=None, packages_above=None, packages_above_and_dependencies=None, packages_above_depth=None, packages_select_by_dep=None, packages_skip_by_dep=None, packages_skip_up_to=None, packages_select_build_failed=False, packages_skip_build_finished=False, packages_select_test_failures=False, packages_skip_test_passed=False, packages_select=None, packages_skip=None, packages_select_regex=None, packages_skip_regex=None, packages_start=None, packages_end=None, cmake_args=None, cmake_target=None, cmake_target_skip_unavailable=False, cmake_clean_cache=False, cmake_clean_first=False, cmake_force_configure=False, ament_cmake_args=None, catkin_cmake_args=None, catkin_skip_building_tests=False, mixin_files=None, mixin=None, verb_parser=<colcon_mixin.mixin.mixin_argument.MixinArgumentDecorator object at 0x795b685ba4a0>, verb_extension=<colcon_core.verb.build.BuildVerb object at 0x795b685b9f30>, main=<bound method BuildVerb.main of <colcon_core.verb.build.BuildVerb object at 0x795b685b9f30>>, mixin_verb=('build',))
[5.770s] Level 1:colcon.colcon_core.package_discovery:discover_packages(colcon_meta) check parameters
[5.777s] Level 1:colcon.colcon_core.package_discovery:discover_packages(recursive) check parameters
[5.778s] Level 1:colcon.colcon_core.package_discovery:discover_packages(ignore) check parameters
[5.779s] Level 1:colcon.colcon_core.package_discovery:discover_packages(path) check parameters
[5.779s] Level 1:colcon.colcon_core.package_discovery:discover_packages(colcon_meta) discover
[5.780s] Level 1:colcon.colcon_core.package_discovery:discover_packages(recursive) discover
[5.781s] INFO:colcon.colcon_core.package_discovery:Crawling recursively for packages in '/home/racecar/racecar_ws/src/racecar/lab6/path_planning'
[5.785s] Level 1:colcon.colcon_core.package_identification:_identify(.) by extensions ['ignore', 'ignore_ament_install']
[5.791s] Level 1:colcon.colcon_core.package_identification:_identify(.) by extension 'ignore'
[5.794s] Level 1:colcon.colcon_core.package_identification:_identify(.) by extension 'ignore_ament_install'
[5.796s] Level 1:colcon.colcon_core.package_identification:_identify(.) by extensions ['colcon_pkg']
[5.796s] Level 1:colcon.colcon_core.package_identification:_identify(.) by extension 'colcon_pkg'
[5.797s] Level 1:colcon.colcon_core.package_identification:_identify(.) by extensions ['colcon_meta']
[5.797s] Level 1:colcon.colcon_core.package_identification:_identify(.) by extension 'colcon_meta'
[5.798s] Level 1:colcon.colcon_core.package_identification:_identify(.) by extensions ['ros']
[5.799s] Level 1:colcon.colcon_core.package_identification:_identify(.) by extension 'ros'
[5.914s] Level 1:colcon.colcon_core.package_identification:_identify(.) by extensions ['cmake', 'python']
[5.914s] Level 1:colcon.colcon_core.package_identification:_identify(.) by extension 'cmake'
[5.915s] Level 1:colcon.colcon_core.package_identification:_identify(.) by extension 'python'
[5.916s] Level 1:colcon.colcon_core.package_identification:_identify(.) by extensions ['python_setup_py']
[5.916s] Level 1:colcon.colcon_core.package_identification:_identify(.) by extension 'python_setup_py'
[5.920s] Level 1:colcon.colcon_core.package_identification:_identify(__pycache__) by extensions ['ignore', 'ignore_ament_install']
[5.921s] Level 1:colcon.colcon_core.package_identification:_identify(__pycache__) by extension 'ignore'
[5.923s] Level 1:colcon.colcon_core.package_identification:_identify(__pycache__) by extension 'ignore_ament_install'
[5.935s] Level 1:colcon.colcon_core.package_identification:_identify(__pycache__) by extensions ['colcon_pkg']
[5.939s] Level 1:colcon.colcon_core.package_identification:_identify(__pycache__) by extension 'colcon_pkg'
[5.942s] Level 1:colcon.colcon_core.package_identification:_identify(__pycache__) by extensions ['colcon_meta']
[5.943s] Level 1:colcon.colcon_core.package_identification:_identify(__pycache__) by extension 'colcon_meta'
[5.944s] Level 1:colcon.colcon_core.package_identification:_identify(__pycache__) by extensions ['ros']
[5.944s] Level 1:colcon.colcon_core.package_identification:_identify(__pycache__) by extension 'ros'
[5.957s] Level 1:colcon.colcon_core.package_identification:_identify(__pycache__) by extensions ['cmake', 'python']
[5.958s] Level 1:colcon.colcon_core.package_identification:_identify(__pycache__) by extension 'cmake'
[5.959s] Level 1:colcon.colcon_core.package_identification:_identify(__pycache__) by extension 'python'
[5.960s] Level 1:colcon.colcon_core.package_identification:_identify(__pycache__) by extensions ['python_setup_py']
[5.961s] Level 1:colcon.colcon_core.package_identification:_identify(__pycache__) by extension 'python_setup_py'
[5.966s] Level 1:colcon.colcon_core.package_identification:_identify(build) by extensions ['ignore', 'ignore_ament_install']
[5.967s] Level 1:colcon.colcon_core.package_identification:_identify(build) by extension 'ignore'
[5.969s] Level 1:colcon.colcon_core.package_identification:_identify(build) ignored
[5.973s] Level 1:colcon.colcon_core.package_identification:_identify(install) by extensions ['ignore', 'ignore_ament_install']
[5.974s] Level 1:colcon.colcon_core.package_identification:_identify(install) by extension 'ignore'
[5.975s] Level 1:colcon.colcon_core.package_identification:_identify(install) ignored
[5.981s] Level 1:colcon.colcon_core.package_identification:_identify(log) by extensions ['ignore', 'ignore_ament_install']
[5.982s] Level 1:colcon.colcon_core.package_identification:_identify(log) by extension 'ignore'
[5.983s] Level 1:colcon.colcon_core.package_identification:_identify(log) ignored
[5.984s] Level 1:colcon.colcon_core.package_discovery:discover_packages(recursive) using defaults
[5.985s] Level 1:colcon.colcon_core.package_discovery:discover_packages(ignore) discover
[5.994s] Level 1:colcon.colcon_core.package_discovery:discover_packages(ignore) using defaults
[5.997s] Level 1:colcon.colcon_core.package_discovery:discover_packages(path) discover
[5.998s] Level 1:colcon.colcon_core.package_discovery:discover_packages(path) using defaults
[6.546s] INFO:colcon.colcon_core.executor:Executing jobs using 'parallel' executor
[6.566s] DEBUG:colcon.colcon_parallel_executor.executor.parallel:run_until_complete
[6.569s] DEBUG:colcon.colcon_parallel_executor.executor.parallel:closing loop
[6.571s] DEBUG:colcon.colcon_parallel_executor.executor.parallel:loop closed
[6.575s] DEBUG:colcon.colcon_parallel_executor.executor.parallel:run_until_complete finished with '0'
[6.576s] DEBUG:colcon.colcon_core.event_reactor:joining thread
[6.770s] INFO:colcon.colcon_core.plugin_system:Skipping extension 'colcon_notification.desktop_notification.notify_send': Could not find 'notify-send'
[6.771s] INFO:colcon.colcon_core.plugin_system:Skipping extension 'colcon_notification.desktop_notification.terminal_notifier': Not used on non-Darwin systems
[6.778s] INFO:colcon.colcon_core.plugin_system:Skipping extension 'colcon_notification.desktop_notification.win32': Not used on non-Windows systems
[6.779s] INFO:colcon.colcon_notification.desktop_notification:Sending desktop notification using 'notify2'
[6.784s] DEBUG:colcon.colcon_notification.desktop_notification.notify2:Failed to initialize notify2: org.freedesktop.DBus.Error.NotSupported: Unable to autolaunch a dbus-daemon without a $DISPLAY for X11
[6.785s] DEBUG:colcon.colcon_core.event_reactor:joined thread
[6.852s] INFO:colcon.colcon_core.plugin_system:Skipping extension 'colcon_core.shell.bat': Not used on non-Windows systems
[6.854s] INFO:colcon.colcon_core.shell:Creating prefix script '/home/racecar/racecar_ws/src/racecar/lab6/path_planning/install/local_setup.ps1'
[6.869s] INFO:colcon.colcon_core.shell:Creating prefix util module '/home/racecar/racecar_ws/src/racecar/lab6/path_planning/install/_local_setup_util_ps1.py'
[6.906s] INFO:colcon.colcon_core.shell:Creating prefix chain script '/home/racecar/racecar_ws/src/racecar/lab6/path_planning/install/setup.ps1'
[7.034s] INFO:colcon.colcon_core.shell:Creating prefix script '/home/racecar/racecar_ws/src/racecar/lab6/path_planning/install/local_setup.sh'
[7.043s] INFO:colcon.colcon_core.shell:Creating prefix util module '/home/racecar/racecar_ws/src/racecar/lab6/path_planning/install/_local_setup_util_sh.py'
[7.053s] INFO:colcon.colcon_core.shell:Creating prefix chain script '/home/racecar/racecar_ws/src/racecar/lab6/path_planning/install/setup.sh'
[7.176s] INFO:colcon.colcon_core.shell:Creating prefix script '/home/racecar/racecar_ws/src/racecar/lab6/path_planning/install/local_setup.bash'
[7.193s] INFO:colcon.colcon_core.shell:Creating prefix chain script '/home/racecar/racecar_ws/src/racecar/lab6/path_planning/install/setup.bash'
[7.320s] INFO:colcon.colcon_core.shell:Creating prefix script '/home/racecar/racecar_ws/src/racecar/lab6/path_planning/install/local_setup.zsh'
[7.346s] INFO:colcon.colcon_core.shell:Creating prefix chain script '/home/racecar/racecar_ws/src/racecar/lab6/path_planning/install/setup.zsh'
